ARM GAS  C:\Users\Anand\AppData\Local\Temp\cc25bHrz.s 			page 1


   1              		.cpu cortex-m0
   2              		.fpu softvfp
   3              		.eabi_attribute 20, 1
   4              		.eabi_attribute 21, 1
   5              		.eabi_attribute 23, 3
   6              		.eabi_attribute 24, 1
   7              		.eabi_attribute 25, 1
   8              		.eabi_attribute 26, 1
   9              		.eabi_attribute 30, 1
  10              		.eabi_attribute 34, 0
  11              		.eabi_attribute 18, 4
  12              		.code	16
  13              		.file	"main.c"
  14              		.text
  15              	.Ltext0:
  16              		.cfi_sections	.debug_frame
  17              		.section	.text.isPowerOfTwo,"ax",%progbits
  18              		.align	2
  19              		.global	isPowerOfTwo
  20              		.code	16
  21              		.thumb_func
  22              		.type	isPowerOfTwo, %function
  23              	isPowerOfTwo:
  24              	.LFB33:
  25              		.file 1 ".\\main.c"
   1:.\main.c      **** #include <project.h>
   2:.\main.c      **** #include <stdio.h>
   3:.\main.c      **** #include <stdlib.h>
   4:.\main.c      **** #define MAX_BUFFER_SIZE 64
   5:.\main.c      **** 
   6:.\main.c      **** int isPowerOfTwo(uint v){
  26              		.loc 1 6 0
  27              		.cfi_startproc
  28              	.LVL0:
   7:.\main.c      ****     // computes each power of two incrementally, 
   8:.\main.c      ****     // quitting when x is less than or equal to the current power of two.
   9:.\main.c      ****    
  10:.\main.c      ****     unsigned int powerOfTwo = 1;
  29              		.loc 1 10 0
  30 0000 0123     		mov	r3, #1
  11:.\main.c      ****     
  12:.\main.c      ****     while(powerOfTwo < v)
  31              		.loc 1 12 0
  32 0002 00E0     		b	.L2
  33              	.LVL1:
  34              	.L3:
  13:.\main.c      ****         powerOfTwo = powerOfTwo * 2;
  35              		.loc 1 13 0
  36 0004 5B00     		lsl	r3, r3, #1
  37              	.LVL2:
  38              	.L2:
  12:.\main.c      ****     while(powerOfTwo < v)
  39              		.loc 1 12 0 discriminator 1
  40 0006 8342     		cmp	r3, r0
  41 0008 FCD3     		bcc	.L3
  14:.\main.c      ****     
  15:.\main.c      ****     return (v == powerOfTwo);
ARM GAS  C:\Users\Anand\AppData\Local\Temp\cc25bHrz.s 			page 2


  42              		.loc 1 15 0
  43 000a C01A     		sub	r0, r0, r3
  44              	.LVL3:
  45 000c 4342     		neg	r3, r0
  46 000e 5841     		adc	r0, r0, r3
  47              	.LVL4:
  48 0010 C0B2     		uxtb	r0, r0
  16:.\main.c      **** }
  49              		.loc 1 16 0
  50              		@ sp needed
  51 0012 7047     		bx	lr
  52              		.cfi_endproc
  53              	.LFE33:
  54              		.size	isPowerOfTwo, .-isPowerOfTwo
  55              		.section	.text.main,"ax",%progbits
  56              		.align	2
  57              		.global	main
  58              		.code	16
  59              		.thumb_func
  60              		.type	main, %function
  61              	main:
  62              	.LFB34:
  17:.\main.c      **** 
  18:.\main.c      **** int main()
  19:.\main.c      **** {
  63              		.loc 1 19 0
  64              		.cfi_startproc
  65 0000 70B5     		push	{r4, r5, r6, lr}
  66              		.cfi_def_cfa_offset 16
  67              		.cfi_offset 4, -16
  68              		.cfi_offset 5, -12
  69              		.cfi_offset 6, -8
  70              		.cfi_offset 14, -4
  71 0002 90B0     		sub	sp, sp, #64
  72              		.cfi_def_cfa_offset 80
  20:.\main.c      ****     // allocate buffer size for input
  21:.\main.c      ****     char buf[MAX_BUFFER_SIZE];
  22:.\main.c      ****     CyGlobalIntEnable;
  73              		.loc 1 22 0
  74              	@ 22 ".\main.c" 1
  75 0004 62B6     		CPSIE   i
  76              	@ 0 "" 2
  23:.\main.c      ****     UART_1_Start();
  77              		.loc 1 23 0
  78              		.code	16
  79 0006 FFF7FEFF 		bl	UART_1_Start
  80              	.LVL5:
  24:.\main.c      ****     
  25:.\main.c      ****     // print line
  26:.\main.c      ****     strcpy(buf, "Established Communication \n \r");
  81              		.loc 1 26 0
  82 000a 6C46     		mov	r4, sp
  83 000c 1049     		ldr	r1, .L6
  84 000e 6B46     		mov	r3, sp
  85 0010 0A1C     		mov	r2, r1
  86 0012 61CA     		ldmia	r2!, {r0, r5, r6}
  87 0014 61C3     		stmia	r3!, {r0, r5, r6}
ARM GAS  C:\Users\Anand\AppData\Local\Temp\cc25bHrz.s 			page 3


  88 0016 23CA     		ldmia	r2!, {r0, r1, r5}
  89 0018 23C3     		stmia	r3!, {r0, r1, r5}
  90 001a 1668     		ldr	r6, [r2]
  91 001c 1E60     		str	r6, [r3]
  92 001e 9288     		ldrh	r2, [r2, #4]
  93 0020 9A80     		strh	r2, [r3, #4]
  27:.\main.c      ****     UART_1_UartPutString(buf);
  94              		.loc 1 27 0
  95 0022 6846     		mov	r0, sp
  96 0024 FFF7FEFF 		bl	UART_1_UartPutString
  97              	.LVL6:
  28:.\main.c      ****     
  29:.\main.c      ****     uint v3 = 0xB;
  30:.\main.c      ****     int flag = isPowerOfTwo(v3);
  98              		.loc 1 30 0
  99 0028 0B20     		mov	r0, #11
 100 002a FFF7FEFF 		bl	isPowerOfTwo
 101              	.LVL7:
 102 002e 021C     		mov	r2, r0
 103              	.LVL8:
  31:.\main.c      ****     
  32:.\main.c      ****     // print result
  33:.\main.c      ****     // integer to string to be printed
  34:.\main.c      ****     sprintf(buf, "%d", flag);
 104              		.loc 1 34 0
 105 0030 6846     		mov	r0, sp
 106              	.LVL9:
 107 0032 0849     		ldr	r1, .L6+4
 108 0034 FFF7FEFF 		bl	sprintf
 109              	.LVL10:
  35:.\main.c      ****     strcat(buf, "\n \r");
 110              		.loc 1 35 0
 111 0038 6846     		mov	r0, sp
 112 003a FFF7FEFF 		bl	strlen
 113              	.LVL11:
 114 003e 2018     		add	r0, r4, r0
 115 0040 0549     		ldr	r1, .L6+8
 116 0042 0422     		mov	r2, #4
 117 0044 FFF7FEFF 		bl	memcpy
 118              	.LVL12:
  36:.\main.c      ****     UART_1_UartPutString(buf);
 119              		.loc 1 36 0
 120 0048 6846     		mov	r0, sp
 121 004a FFF7FEFF 		bl	UART_1_UartPutString
 122              	.LVL13:
 123              	.L5:
 124 004e FEE7     		b	.L5
 125              	.L7:
 126              		.align	2
 127              	.L6:
 128 0050 00000000 		.word	.LC0
 129 0054 20000000 		.word	.LC2
 130 0058 24000000 		.word	.LC4
 131              		.cfi_endproc
 132              	.LFE34:
 133              		.size	main, .-main
 134              		.section	.rodata.str1.4,"aMS",%progbits,1
ARM GAS  C:\Users\Anand\AppData\Local\Temp\cc25bHrz.s 			page 4


 135              		.align	2
 136              	.LC0:
 137 0000 45737461 		.ascii	"Established Communication \012 \015\000"
 137      626C6973 
 137      68656420 
 137      436F6D6D 
 137      756E6963 
 138 001e 0000     		.space	2
 139              	.LC2:
 140 0020 256400   		.ascii	"%d\000"
 141 0023 00       		.space	1
 142              	.LC4:
 143 0024 0A200D00 		.ascii	"\012 \015\000"
 144              		.text
 145              	.Letext0:
 146              		.file 2 "Generated_Source\\PSoC4/cytypes.h"
 147              		.file 3 "c:\\program files (x86)\\cypress\\psoc creator\\3.2\\psoc creator\\import\\gnu\\arm\\4.8.
 148              		.file 4 "Generated_Source\\PSoC4/UART_1.h"
 149              		.file 5 "Generated_Source\\PSoC4/UART_1_SPI_UART.h"
 150              		.file 6 "c:\\program files (x86)\\cypress\\psoc creator\\3.2\\psoc creator\\import\\gnu\\arm\\4.8.
 151              		.file 7 "<built-in>"
 152              		.section	.debug_info,"",%progbits
 153              	.Ldebug_info0:
 154 0000 3B020000 		.4byte	0x23b
 155 0004 0400     		.2byte	0x4
 156 0006 00000000 		.4byte	.Ldebug_abbrev0
 157 000a 04       		.byte	0x4
 158 000b 01       		.uleb128 0x1
 159 000c C7000000 		.4byte	.LASF17
 160 0010 01       		.byte	0x1
 161 0011 6B000000 		.4byte	.LASF18
 162 0015 79010000 		.4byte	.LASF19
 163 0019 00000000 		.4byte	.Ldebug_ranges0+0
 164 001d 00000000 		.4byte	0
 165 0021 00000000 		.4byte	.Ldebug_line0
 166 0025 02       		.uleb128 0x2
 167 0026 01       		.byte	0x1
 168 0027 06       		.byte	0x6
 169 0028 C8010000 		.4byte	.LASF0
 170 002c 02       		.uleb128 0x2
 171 002d 01       		.byte	0x1
 172 002e 08       		.byte	0x8
 173 002f 74000000 		.4byte	.LASF1
 174 0033 02       		.uleb128 0x2
 175 0034 02       		.byte	0x2
 176 0035 05       		.byte	0x5
 177 0036 66010000 		.4byte	.LASF2
 178 003a 02       		.uleb128 0x2
 179 003b 02       		.byte	0x2
 180 003c 07       		.byte	0x7
 181 003d 58000000 		.4byte	.LASF3
 182 0041 02       		.uleb128 0x2
 183 0042 04       		.byte	0x4
 184 0043 05       		.byte	0x5
 185 0044 70010000 		.4byte	.LASF4
 186 0048 02       		.uleb128 0x2
 187 0049 04       		.byte	0x4
ARM GAS  C:\Users\Anand\AppData\Local\Temp\cc25bHrz.s 			page 5


 188 004a 07       		.byte	0x7
 189 004b 46000000 		.4byte	.LASF5
 190 004f 02       		.uleb128 0x2
 191 0050 08       		.byte	0x8
 192 0051 05       		.byte	0x5
 193 0052 4C010000 		.4byte	.LASF6
 194 0056 02       		.uleb128 0x2
 195 0057 08       		.byte	0x8
 196 0058 07       		.byte	0x7
 197 0059 B0000000 		.4byte	.LASF7
 198 005d 03       		.uleb128 0x3
 199 005e 04       		.byte	0x4
 200 005f 05       		.byte	0x5
 201 0060 696E7400 		.ascii	"int\000"
 202 0064 02       		.uleb128 0x2
 203 0065 04       		.byte	0x4
 204 0066 07       		.byte	0x7
 205 0067 20000000 		.4byte	.LASF8
 206 006b 02       		.uleb128 0x2
 207 006c 04       		.byte	0x4
 208 006d 04       		.byte	0x4
 209 006e 2D000000 		.4byte	.LASF9
 210 0072 02       		.uleb128 0x2
 211 0073 08       		.byte	0x8
 212 0074 04       		.byte	0x4
 213 0075 82000000 		.4byte	.LASF10
 214 0079 04       		.uleb128 0x4
 215 007a 40000000 		.4byte	.LASF13
 216 007e 02       		.byte	0x2
 217 007f C4       		.byte	0xc4
 218 0080 84000000 		.4byte	0x84
 219 0084 02       		.uleb128 0x2
 220 0085 01       		.byte	0x1
 221 0086 08       		.byte	0x8
 222 0087 5A010000 		.4byte	.LASF11
 223 008b 02       		.uleb128 0x2
 224 008c 04       		.byte	0x4
 225 008d 07       		.byte	0x7
 226 008e 43010000 		.4byte	.LASF12
 227 0092 05       		.uleb128 0x5
 228 0093 04       		.byte	0x4
 229 0094 06       		.uleb128 0x6
 230 0095 04       		.byte	0x4
 231 0096 84000000 		.4byte	0x84
 232 009a 06       		.uleb128 0x6
 233 009b 04       		.byte	0x4
 234 009c A0000000 		.4byte	0xa0
 235 00a0 07       		.uleb128 0x7
 236 00a1 84000000 		.4byte	0x84
 237 00a5 04       		.uleb128 0x4
 238 00a6 9F000000 		.4byte	.LASF14
 239 00aa 03       		.byte	0x3
 240 00ab 70       		.byte	0x70
 241 00ac 64000000 		.4byte	0x64
 242 00b0 06       		.uleb128 0x6
 243 00b1 04       		.byte	0x4
 244 00b2 B6000000 		.4byte	0xb6
ARM GAS  C:\Users\Anand\AppData\Local\Temp\cc25bHrz.s 			page 6


 245 00b6 08       		.uleb128 0x8
 246 00b7 09       		.uleb128 0x9
 247 00b8 33000000 		.4byte	.LASF20
 248 00bc 01       		.byte	0x1
 249 00bd 06       		.byte	0x6
 250 00be 5D000000 		.4byte	0x5d
 251 00c2 00000000 		.4byte	.LFB33
 252 00c6 14000000 		.4byte	.LFE33-.LFB33
 253 00ca 01       		.uleb128 0x1
 254 00cb 9C       		.byte	0x9c
 255 00cc ED000000 		.4byte	0xed
 256 00d0 0A       		.uleb128 0xa
 257 00d1 7600     		.ascii	"v\000"
 258 00d3 01       		.byte	0x1
 259 00d4 06       		.byte	0x6
 260 00d5 A5000000 		.4byte	0xa5
 261 00d9 00000000 		.4byte	.LLST0
 262 00dd 0B       		.uleb128 0xb
 263 00de 00000000 		.4byte	.LASF15
 264 00e2 01       		.byte	0x1
 265 00e3 0A       		.byte	0xa
 266 00e4 64000000 		.4byte	0x64
 267 00e8 21000000 		.4byte	.LLST1
 268 00ec 00       		.byte	0
 269 00ed 0C       		.uleb128 0xc
 270 00ee 9A000000 		.4byte	.LASF21
 271 00f2 01       		.byte	0x1
 272 00f3 12       		.byte	0x12
 273 00f4 5D000000 		.4byte	0x5d
 274 00f8 00000000 		.4byte	.LFB34
 275 00fc 5C000000 		.4byte	.LFE34-.LFB34
 276 0100 01       		.uleb128 0x1
 277 0101 9C       		.byte	0x9c
 278 0102 BD010000 		.4byte	0x1bd
 279 0106 0D       		.uleb128 0xd
 280 0107 62756600 		.ascii	"buf\000"
 281 010b 01       		.byte	0x1
 282 010c 15       		.byte	0x15
 283 010d BD010000 		.4byte	0x1bd
 284 0111 03       		.uleb128 0x3
 285 0112 91       		.byte	0x91
 286 0113 B07F     		.sleb128 -80
 287 0115 0E       		.uleb128 0xe
 288 0116 763300   		.ascii	"v3\000"
 289 0119 01       		.byte	0x1
 290 011a 1D       		.byte	0x1d
 291 011b A5000000 		.4byte	0xa5
 292 011f 0B       		.byte	0xb
 293 0120 0B       		.uleb128 0xb
 294 0121 A4000000 		.4byte	.LASF16
 295 0125 01       		.byte	0x1
 296 0126 1E       		.byte	0x1e
 297 0127 5D000000 		.4byte	0x5d
 298 012b 40000000 		.4byte	.LLST2
 299 012f 0F       		.uleb128 0xf
 300 0130 0A000000 		.4byte	.LVL5
 301 0134 CD010000 		.4byte	0x1cd
ARM GAS  C:\Users\Anand\AppData\Local\Temp\cc25bHrz.s 			page 7


 302 0138 10       		.uleb128 0x10
 303 0139 28000000 		.4byte	.LVL6
 304 013d D4010000 		.4byte	0x1d4
 305 0141 4C010000 		.4byte	0x14c
 306 0145 11       		.uleb128 0x11
 307 0146 01       		.uleb128 0x1
 308 0147 50       		.byte	0x50
 309 0148 02       		.uleb128 0x2
 310 0149 74       		.byte	0x74
 311 014a 00       		.sleb128 0
 312 014b 00       		.byte	0
 313 014c 10       		.uleb128 0x10
 314 014d 2E000000 		.4byte	.LVL7
 315 0151 B7000000 		.4byte	0xb7
 316 0155 5F010000 		.4byte	0x15f
 317 0159 11       		.uleb128 0x11
 318 015a 01       		.uleb128 0x1
 319 015b 50       		.byte	0x50
 320 015c 01       		.uleb128 0x1
 321 015d 3B       		.byte	0x3b
 322 015e 00       		.byte	0
 323 015f 10       		.uleb128 0x10
 324 0160 38000000 		.4byte	.LVL10
 325 0164 F1010000 		.4byte	0x1f1
 326 0168 7C010000 		.4byte	0x17c
 327 016c 11       		.uleb128 0x11
 328 016d 01       		.uleb128 0x1
 329 016e 51       		.byte	0x51
 330 016f 05       		.uleb128 0x5
 331 0170 03       		.byte	0x3
 332 0171 20000000 		.4byte	.LC2
 333 0175 11       		.uleb128 0x11
 334 0176 01       		.uleb128 0x1
 335 0177 50       		.byte	0x50
 336 0178 02       		.uleb128 0x2
 337 0179 74       		.byte	0x74
 338 017a 00       		.sleb128 0
 339 017b 00       		.byte	0
 340 017c 10       		.uleb128 0x10
 341 017d 3E000000 		.4byte	.LVL11
 342 0181 0C020000 		.4byte	0x20c
 343 0185 90010000 		.4byte	0x190
 344 0189 11       		.uleb128 0x11
 345 018a 01       		.uleb128 0x1
 346 018b 50       		.byte	0x50
 347 018c 02       		.uleb128 0x2
 348 018d 74       		.byte	0x74
 349 018e 00       		.sleb128 0
 350 018f 00       		.byte	0
 351 0190 10       		.uleb128 0x10
 352 0191 48000000 		.4byte	.LVL12
 353 0195 25020000 		.4byte	0x225
 354 0199 AC010000 		.4byte	0x1ac
 355 019d 11       		.uleb128 0x11
 356 019e 01       		.uleb128 0x1
 357 019f 52       		.byte	0x52
 358 01a0 01       		.uleb128 0x1
ARM GAS  C:\Users\Anand\AppData\Local\Temp\cc25bHrz.s 			page 8


 359 01a1 34       		.byte	0x34
 360 01a2 11       		.uleb128 0x11
 361 01a3 01       		.uleb128 0x1
 362 01a4 51       		.byte	0x51
 363 01a5 05       		.uleb128 0x5
 364 01a6 03       		.byte	0x3
 365 01a7 24000000 		.4byte	.LC4
 366 01ab 00       		.byte	0
 367 01ac 12       		.uleb128 0x12
 368 01ad 4E000000 		.4byte	.LVL13
 369 01b1 D4010000 		.4byte	0x1d4
 370 01b5 11       		.uleb128 0x11
 371 01b6 01       		.uleb128 0x1
 372 01b7 50       		.byte	0x50
 373 01b8 02       		.uleb128 0x2
 374 01b9 74       		.byte	0x74
 375 01ba 00       		.sleb128 0
 376 01bb 00       		.byte	0
 377 01bc 00       		.byte	0
 378 01bd 13       		.uleb128 0x13
 379 01be 84000000 		.4byte	0x84
 380 01c2 CD010000 		.4byte	0x1cd
 381 01c6 14       		.uleb128 0x14
 382 01c7 8B000000 		.4byte	0x8b
 383 01cb 3F       		.byte	0x3f
 384 01cc 00       		.byte	0
 385 01cd 15       		.uleb128 0x15
 386 01ce DC010000 		.4byte	.LASF22
 387 01d2 04       		.byte	0x4
 388 01d3 68       		.byte	0x68
 389 01d4 16       		.uleb128 0x16
 390 01d5 0B000000 		.4byte	.LASF23
 391 01d9 05       		.byte	0x5
 392 01da 7701     		.2byte	0x177
 393 01dc E6010000 		.4byte	0x1e6
 394 01e0 17       		.uleb128 0x17
 395 01e1 E6010000 		.4byte	0x1e6
 396 01e5 00       		.byte	0
 397 01e6 06       		.uleb128 0x6
 398 01e7 04       		.byte	0x4
 399 01e8 EC010000 		.4byte	0x1ec
 400 01ec 07       		.uleb128 0x7
 401 01ed 79000000 		.4byte	0x79
 402 01f1 18       		.uleb128 0x18
 403 01f2 D4010000 		.4byte	.LASF24
 404 01f6 06       		.byte	0x6
 405 01f7 D9       		.byte	0xd9
 406 01f8 5D000000 		.4byte	0x5d
 407 01fc 0C020000 		.4byte	0x20c
 408 0200 17       		.uleb128 0x17
 409 0201 94000000 		.4byte	0x94
 410 0205 17       		.uleb128 0x17
 411 0206 9A000000 		.4byte	0x9a
 412 020a 19       		.uleb128 0x19
 413 020b 00       		.byte	0
 414 020c 1A       		.uleb128 0x1a
 415 020d 89000000 		.4byte	.LASF25
ARM GAS  C:\Users\Anand\AppData\Local\Temp\cc25bHrz.s 			page 9


 416 0211 07       		.byte	0x7
 417 0212 00       		.byte	0
 418 0213 A9000000 		.4byte	.LASF26
 419 0217 64000000 		.4byte	0x64
 420 021b 25020000 		.4byte	0x225
 421 021f 17       		.uleb128 0x17
 422 0220 9A000000 		.4byte	0x9a
 423 0224 00       		.byte	0
 424 0225 1B       		.uleb128 0x1b
 425 0226 5F010000 		.4byte	.LASF27
 426 022a 92000000 		.4byte	0x92
 427 022e 17       		.uleb128 0x17
 428 022f 92000000 		.4byte	0x92
 429 0233 17       		.uleb128 0x17
 430 0234 B0000000 		.4byte	0xb0
 431 0238 17       		.uleb128 0x17
 432 0239 8B000000 		.4byte	0x8b
 433 023d 00       		.byte	0
 434 023e 00       		.byte	0
 435              		.section	.debug_abbrev,"",%progbits
 436              	.Ldebug_abbrev0:
 437 0000 01       		.uleb128 0x1
 438 0001 11       		.uleb128 0x11
 439 0002 01       		.byte	0x1
 440 0003 25       		.uleb128 0x25
 441 0004 0E       		.uleb128 0xe
 442 0005 13       		.uleb128 0x13
 443 0006 0B       		.uleb128 0xb
 444 0007 03       		.uleb128 0x3
 445 0008 0E       		.uleb128 0xe
 446 0009 1B       		.uleb128 0x1b
 447 000a 0E       		.uleb128 0xe
 448 000b 55       		.uleb128 0x55
 449 000c 17       		.uleb128 0x17
 450 000d 11       		.uleb128 0x11
 451 000e 01       		.uleb128 0x1
 452 000f 10       		.uleb128 0x10
 453 0010 17       		.uleb128 0x17
 454 0011 00       		.byte	0
 455 0012 00       		.byte	0
 456 0013 02       		.uleb128 0x2
 457 0014 24       		.uleb128 0x24
 458 0015 00       		.byte	0
 459 0016 0B       		.uleb128 0xb
 460 0017 0B       		.uleb128 0xb
 461 0018 3E       		.uleb128 0x3e
 462 0019 0B       		.uleb128 0xb
 463 001a 03       		.uleb128 0x3
 464 001b 0E       		.uleb128 0xe
 465 001c 00       		.byte	0
 466 001d 00       		.byte	0
 467 001e 03       		.uleb128 0x3
 468 001f 24       		.uleb128 0x24
 469 0020 00       		.byte	0
 470 0021 0B       		.uleb128 0xb
 471 0022 0B       		.uleb128 0xb
 472 0023 3E       		.uleb128 0x3e
ARM GAS  C:\Users\Anand\AppData\Local\Temp\cc25bHrz.s 			page 10


 473 0024 0B       		.uleb128 0xb
 474 0025 03       		.uleb128 0x3
 475 0026 08       		.uleb128 0x8
 476 0027 00       		.byte	0
 477 0028 00       		.byte	0
 478 0029 04       		.uleb128 0x4
 479 002a 16       		.uleb128 0x16
 480 002b 00       		.byte	0
 481 002c 03       		.uleb128 0x3
 482 002d 0E       		.uleb128 0xe
 483 002e 3A       		.uleb128 0x3a
 484 002f 0B       		.uleb128 0xb
 485 0030 3B       		.uleb128 0x3b
 486 0031 0B       		.uleb128 0xb
 487 0032 49       		.uleb128 0x49
 488 0033 13       		.uleb128 0x13
 489 0034 00       		.byte	0
 490 0035 00       		.byte	0
 491 0036 05       		.uleb128 0x5
 492 0037 0F       		.uleb128 0xf
 493 0038 00       		.byte	0
 494 0039 0B       		.uleb128 0xb
 495 003a 0B       		.uleb128 0xb
 496 003b 00       		.byte	0
 497 003c 00       		.byte	0
 498 003d 06       		.uleb128 0x6
 499 003e 0F       		.uleb128 0xf
 500 003f 00       		.byte	0
 501 0040 0B       		.uleb128 0xb
 502 0041 0B       		.uleb128 0xb
 503 0042 49       		.uleb128 0x49
 504 0043 13       		.uleb128 0x13
 505 0044 00       		.byte	0
 506 0045 00       		.byte	0
 507 0046 07       		.uleb128 0x7
 508 0047 26       		.uleb128 0x26
 509 0048 00       		.byte	0
 510 0049 49       		.uleb128 0x49
 511 004a 13       		.uleb128 0x13
 512 004b 00       		.byte	0
 513 004c 00       		.byte	0
 514 004d 08       		.uleb128 0x8
 515 004e 26       		.uleb128 0x26
 516 004f 00       		.byte	0
 517 0050 00       		.byte	0
 518 0051 00       		.byte	0
 519 0052 09       		.uleb128 0x9
 520 0053 2E       		.uleb128 0x2e
 521 0054 01       		.byte	0x1
 522 0055 3F       		.uleb128 0x3f
 523 0056 19       		.uleb128 0x19
 524 0057 03       		.uleb128 0x3
 525 0058 0E       		.uleb128 0xe
 526 0059 3A       		.uleb128 0x3a
 527 005a 0B       		.uleb128 0xb
 528 005b 3B       		.uleb128 0x3b
 529 005c 0B       		.uleb128 0xb
ARM GAS  C:\Users\Anand\AppData\Local\Temp\cc25bHrz.s 			page 11


 530 005d 27       		.uleb128 0x27
 531 005e 19       		.uleb128 0x19
 532 005f 49       		.uleb128 0x49
 533 0060 13       		.uleb128 0x13
 534 0061 11       		.uleb128 0x11
 535 0062 01       		.uleb128 0x1
 536 0063 12       		.uleb128 0x12
 537 0064 06       		.uleb128 0x6
 538 0065 40       		.uleb128 0x40
 539 0066 18       		.uleb128 0x18
 540 0067 9742     		.uleb128 0x2117
 541 0069 19       		.uleb128 0x19
 542 006a 01       		.uleb128 0x1
 543 006b 13       		.uleb128 0x13
 544 006c 00       		.byte	0
 545 006d 00       		.byte	0
 546 006e 0A       		.uleb128 0xa
 547 006f 05       		.uleb128 0x5
 548 0070 00       		.byte	0
 549 0071 03       		.uleb128 0x3
 550 0072 08       		.uleb128 0x8
 551 0073 3A       		.uleb128 0x3a
 552 0074 0B       		.uleb128 0xb
 553 0075 3B       		.uleb128 0x3b
 554 0076 0B       		.uleb128 0xb
 555 0077 49       		.uleb128 0x49
 556 0078 13       		.uleb128 0x13
 557 0079 02       		.uleb128 0x2
 558 007a 17       		.uleb128 0x17
 559 007b 00       		.byte	0
 560 007c 00       		.byte	0
 561 007d 0B       		.uleb128 0xb
 562 007e 34       		.uleb128 0x34
 563 007f 00       		.byte	0
 564 0080 03       		.uleb128 0x3
 565 0081 0E       		.uleb128 0xe
 566 0082 3A       		.uleb128 0x3a
 567 0083 0B       		.uleb128 0xb
 568 0084 3B       		.uleb128 0x3b
 569 0085 0B       		.uleb128 0xb
 570 0086 49       		.uleb128 0x49
 571 0087 13       		.uleb128 0x13
 572 0088 02       		.uleb128 0x2
 573 0089 17       		.uleb128 0x17
 574 008a 00       		.byte	0
 575 008b 00       		.byte	0
 576 008c 0C       		.uleb128 0xc
 577 008d 2E       		.uleb128 0x2e
 578 008e 01       		.byte	0x1
 579 008f 3F       		.uleb128 0x3f
 580 0090 19       		.uleb128 0x19
 581 0091 03       		.uleb128 0x3
 582 0092 0E       		.uleb128 0xe
 583 0093 3A       		.uleb128 0x3a
 584 0094 0B       		.uleb128 0xb
 585 0095 3B       		.uleb128 0x3b
 586 0096 0B       		.uleb128 0xb
ARM GAS  C:\Users\Anand\AppData\Local\Temp\cc25bHrz.s 			page 12


 587 0097 49       		.uleb128 0x49
 588 0098 13       		.uleb128 0x13
 589 0099 11       		.uleb128 0x11
 590 009a 01       		.uleb128 0x1
 591 009b 12       		.uleb128 0x12
 592 009c 06       		.uleb128 0x6
 593 009d 40       		.uleb128 0x40
 594 009e 18       		.uleb128 0x18
 595 009f 9742     		.uleb128 0x2117
 596 00a1 19       		.uleb128 0x19
 597 00a2 01       		.uleb128 0x1
 598 00a3 13       		.uleb128 0x13
 599 00a4 00       		.byte	0
 600 00a5 00       		.byte	0
 601 00a6 0D       		.uleb128 0xd
 602 00a7 34       		.uleb128 0x34
 603 00a8 00       		.byte	0
 604 00a9 03       		.uleb128 0x3
 605 00aa 08       		.uleb128 0x8
 606 00ab 3A       		.uleb128 0x3a
 607 00ac 0B       		.uleb128 0xb
 608 00ad 3B       		.uleb128 0x3b
 609 00ae 0B       		.uleb128 0xb
 610 00af 49       		.uleb128 0x49
 611 00b0 13       		.uleb128 0x13
 612 00b1 02       		.uleb128 0x2
 613 00b2 18       		.uleb128 0x18
 614 00b3 00       		.byte	0
 615 00b4 00       		.byte	0
 616 00b5 0E       		.uleb128 0xe
 617 00b6 34       		.uleb128 0x34
 618 00b7 00       		.byte	0
 619 00b8 03       		.uleb128 0x3
 620 00b9 08       		.uleb128 0x8
 621 00ba 3A       		.uleb128 0x3a
 622 00bb 0B       		.uleb128 0xb
 623 00bc 3B       		.uleb128 0x3b
 624 00bd 0B       		.uleb128 0xb
 625 00be 49       		.uleb128 0x49
 626 00bf 13       		.uleb128 0x13
 627 00c0 1C       		.uleb128 0x1c
 628 00c1 0B       		.uleb128 0xb
 629 00c2 00       		.byte	0
 630 00c3 00       		.byte	0
 631 00c4 0F       		.uleb128 0xf
 632 00c5 898201   		.uleb128 0x4109
 633 00c8 00       		.byte	0
 634 00c9 11       		.uleb128 0x11
 635 00ca 01       		.uleb128 0x1
 636 00cb 31       		.uleb128 0x31
 637 00cc 13       		.uleb128 0x13
 638 00cd 00       		.byte	0
 639 00ce 00       		.byte	0
 640 00cf 10       		.uleb128 0x10
 641 00d0 898201   		.uleb128 0x4109
 642 00d3 01       		.byte	0x1
 643 00d4 11       		.uleb128 0x11
ARM GAS  C:\Users\Anand\AppData\Local\Temp\cc25bHrz.s 			page 13


 644 00d5 01       		.uleb128 0x1
 645 00d6 31       		.uleb128 0x31
 646 00d7 13       		.uleb128 0x13
 647 00d8 01       		.uleb128 0x1
 648 00d9 13       		.uleb128 0x13
 649 00da 00       		.byte	0
 650 00db 00       		.byte	0
 651 00dc 11       		.uleb128 0x11
 652 00dd 8A8201   		.uleb128 0x410a
 653 00e0 00       		.byte	0
 654 00e1 02       		.uleb128 0x2
 655 00e2 18       		.uleb128 0x18
 656 00e3 9142     		.uleb128 0x2111
 657 00e5 18       		.uleb128 0x18
 658 00e6 00       		.byte	0
 659 00e7 00       		.byte	0
 660 00e8 12       		.uleb128 0x12
 661 00e9 898201   		.uleb128 0x4109
 662 00ec 01       		.byte	0x1
 663 00ed 11       		.uleb128 0x11
 664 00ee 01       		.uleb128 0x1
 665 00ef 31       		.uleb128 0x31
 666 00f0 13       		.uleb128 0x13
 667 00f1 00       		.byte	0
 668 00f2 00       		.byte	0
 669 00f3 13       		.uleb128 0x13
 670 00f4 01       		.uleb128 0x1
 671 00f5 01       		.byte	0x1
 672 00f6 49       		.uleb128 0x49
 673 00f7 13       		.uleb128 0x13
 674 00f8 01       		.uleb128 0x1
 675 00f9 13       		.uleb128 0x13
 676 00fa 00       		.byte	0
 677 00fb 00       		.byte	0
 678 00fc 14       		.uleb128 0x14
 679 00fd 21       		.uleb128 0x21
 680 00fe 00       		.byte	0
 681 00ff 49       		.uleb128 0x49
 682 0100 13       		.uleb128 0x13
 683 0101 2F       		.uleb128 0x2f
 684 0102 0B       		.uleb128 0xb
 685 0103 00       		.byte	0
 686 0104 00       		.byte	0
 687 0105 15       		.uleb128 0x15
 688 0106 2E       		.uleb128 0x2e
 689 0107 00       		.byte	0
 690 0108 3F       		.uleb128 0x3f
 691 0109 19       		.uleb128 0x19
 692 010a 03       		.uleb128 0x3
 693 010b 0E       		.uleb128 0xe
 694 010c 3A       		.uleb128 0x3a
 695 010d 0B       		.uleb128 0xb
 696 010e 3B       		.uleb128 0x3b
 697 010f 0B       		.uleb128 0xb
 698 0110 27       		.uleb128 0x27
 699 0111 19       		.uleb128 0x19
 700 0112 3C       		.uleb128 0x3c
ARM GAS  C:\Users\Anand\AppData\Local\Temp\cc25bHrz.s 			page 14


 701 0113 19       		.uleb128 0x19
 702 0114 00       		.byte	0
 703 0115 00       		.byte	0
 704 0116 16       		.uleb128 0x16
 705 0117 2E       		.uleb128 0x2e
 706 0118 01       		.byte	0x1
 707 0119 3F       		.uleb128 0x3f
 708 011a 19       		.uleb128 0x19
 709 011b 03       		.uleb128 0x3
 710 011c 0E       		.uleb128 0xe
 711 011d 3A       		.uleb128 0x3a
 712 011e 0B       		.uleb128 0xb
 713 011f 3B       		.uleb128 0x3b
 714 0120 05       		.uleb128 0x5
 715 0121 27       		.uleb128 0x27
 716 0122 19       		.uleb128 0x19
 717 0123 3C       		.uleb128 0x3c
 718 0124 19       		.uleb128 0x19
 719 0125 01       		.uleb128 0x1
 720 0126 13       		.uleb128 0x13
 721 0127 00       		.byte	0
 722 0128 00       		.byte	0
 723 0129 17       		.uleb128 0x17
 724 012a 05       		.uleb128 0x5
 725 012b 00       		.byte	0
 726 012c 49       		.uleb128 0x49
 727 012d 13       		.uleb128 0x13
 728 012e 00       		.byte	0
 729 012f 00       		.byte	0
 730 0130 18       		.uleb128 0x18
 731 0131 2E       		.uleb128 0x2e
 732 0132 01       		.byte	0x1
 733 0133 3F       		.uleb128 0x3f
 734 0134 19       		.uleb128 0x19
 735 0135 03       		.uleb128 0x3
 736 0136 0E       		.uleb128 0xe
 737 0137 3A       		.uleb128 0x3a
 738 0138 0B       		.uleb128 0xb
 739 0139 3B       		.uleb128 0x3b
 740 013a 0B       		.uleb128 0xb
 741 013b 27       		.uleb128 0x27
 742 013c 19       		.uleb128 0x19
 743 013d 49       		.uleb128 0x49
 744 013e 13       		.uleb128 0x13
 745 013f 3C       		.uleb128 0x3c
 746 0140 19       		.uleb128 0x19
 747 0141 01       		.uleb128 0x1
 748 0142 13       		.uleb128 0x13
 749 0143 00       		.byte	0
 750 0144 00       		.byte	0
 751 0145 19       		.uleb128 0x19
 752 0146 18       		.uleb128 0x18
 753 0147 00       		.byte	0
 754 0148 00       		.byte	0
 755 0149 00       		.byte	0
 756 014a 1A       		.uleb128 0x1a
 757 014b 2E       		.uleb128 0x2e
ARM GAS  C:\Users\Anand\AppData\Local\Temp\cc25bHrz.s 			page 15


 758 014c 01       		.byte	0x1
 759 014d 3F       		.uleb128 0x3f
 760 014e 19       		.uleb128 0x19
 761 014f 03       		.uleb128 0x3
 762 0150 0E       		.uleb128 0xe
 763 0151 3A       		.uleb128 0x3a
 764 0152 0B       		.uleb128 0xb
 765 0153 3B       		.uleb128 0x3b
 766 0154 0B       		.uleb128 0xb
 767 0155 6E       		.uleb128 0x6e
 768 0156 0E       		.uleb128 0xe
 769 0157 27       		.uleb128 0x27
 770 0158 19       		.uleb128 0x19
 771 0159 49       		.uleb128 0x49
 772 015a 13       		.uleb128 0x13
 773 015b 3C       		.uleb128 0x3c
 774 015c 19       		.uleb128 0x19
 775 015d 01       		.uleb128 0x1
 776 015e 13       		.uleb128 0x13
 777 015f 00       		.byte	0
 778 0160 00       		.byte	0
 779 0161 1B       		.uleb128 0x1b
 780 0162 2E       		.uleb128 0x2e
 781 0163 01       		.byte	0x1
 782 0164 3F       		.uleb128 0x3f
 783 0165 19       		.uleb128 0x19
 784 0166 03       		.uleb128 0x3
 785 0167 0E       		.uleb128 0xe
 786 0168 27       		.uleb128 0x27
 787 0169 19       		.uleb128 0x19
 788 016a 49       		.uleb128 0x49
 789 016b 13       		.uleb128 0x13
 790 016c 34       		.uleb128 0x34
 791 016d 19       		.uleb128 0x19
 792 016e 3C       		.uleb128 0x3c
 793 016f 19       		.uleb128 0x19
 794 0170 00       		.byte	0
 795 0171 00       		.byte	0
 796 0172 00       		.byte	0
 797              		.section	.debug_loc,"",%progbits
 798              	.Ldebug_loc0:
 799              	.LLST0:
 800 0000 00000000 		.4byte	.LVL0
 801 0004 0C000000 		.4byte	.LVL3
 802 0008 0100     		.2byte	0x1
 803 000a 50       		.byte	0x50
 804 000b 0C000000 		.4byte	.LVL3
 805 000f 14000000 		.4byte	.LFE33
 806 0013 0400     		.2byte	0x4
 807 0015 F3       		.byte	0xf3
 808 0016 01       		.uleb128 0x1
 809 0017 50       		.byte	0x50
 810 0018 9F       		.byte	0x9f
 811 0019 00000000 		.4byte	0
 812 001d 00000000 		.4byte	0
 813              	.LLST1:
 814 0021 00000000 		.4byte	.LVL0
ARM GAS  C:\Users\Anand\AppData\Local\Temp\cc25bHrz.s 			page 16


 815 0025 04000000 		.4byte	.LVL1
 816 0029 0200     		.2byte	0x2
 817 002b 31       		.byte	0x31
 818 002c 9F       		.byte	0x9f
 819 002d 04000000 		.4byte	.LVL1
 820 0031 10000000 		.4byte	.LVL4
 821 0035 0100     		.2byte	0x1
 822 0037 53       		.byte	0x53
 823 0038 00000000 		.4byte	0
 824 003c 00000000 		.4byte	0
 825              	.LLST2:
 826 0040 30000000 		.4byte	.LVL8
 827 0044 32000000 		.4byte	.LVL9
 828 0048 0100     		.2byte	0x1
 829 004a 50       		.byte	0x50
 830 004b 32000000 		.4byte	.LVL9
 831 004f 37000000 		.4byte	.LVL10-1
 832 0053 0100     		.2byte	0x1
 833 0055 52       		.byte	0x52
 834 0056 00000000 		.4byte	0
 835 005a 00000000 		.4byte	0
 836              		.section	.debug_aranges,"",%progbits
 837 0000 24000000 		.4byte	0x24
 838 0004 0200     		.2byte	0x2
 839 0006 00000000 		.4byte	.Ldebug_info0
 840 000a 04       		.byte	0x4
 841 000b 00       		.byte	0
 842 000c 0000     		.2byte	0
 843 000e 0000     		.2byte	0
 844 0010 00000000 		.4byte	.LFB33
 845 0014 14000000 		.4byte	.LFE33-.LFB33
 846 0018 00000000 		.4byte	.LFB34
 847 001c 5C000000 		.4byte	.LFE34-.LFB34
 848 0020 00000000 		.4byte	0
 849 0024 00000000 		.4byte	0
 850              		.section	.debug_ranges,"",%progbits
 851              	.Ldebug_ranges0:
 852 0000 00000000 		.4byte	.LFB33
 853 0004 14000000 		.4byte	.LFE33
 854 0008 00000000 		.4byte	.LFB34
 855 000c 5C000000 		.4byte	.LFE34
 856 0010 00000000 		.4byte	0
 857 0014 00000000 		.4byte	0
 858              		.section	.debug_line,"",%progbits
 859              	.Ldebug_line0:
 860 0000 90010000 		.section	.debug_str,"MS",%progbits,1
 860      02005C01 
 860      00000201 
 860      FB0E0D00 
 860      01010101 
 861              	.LASF15:
 862 0000 706F7765 		.ascii	"powerOfTwo\000"
 862      724F6654 
 862      776F00
 863              	.LASF23:
 864 000b 55415254 		.ascii	"UART_1_UartPutString\000"
 864      5F315F55 
ARM GAS  C:\Users\Anand\AppData\Local\Temp\cc25bHrz.s 			page 17


 864      61727450 
 864      75745374 
 864      72696E67 
 865              	.LASF8:
 866 0020 756E7369 		.ascii	"unsigned int\000"
 866      676E6564 
 866      20696E74 
 866      00
 867              	.LASF9:
 868 002d 666C6F61 		.ascii	"float\000"
 868      7400
 869              	.LASF20:
 870 0033 6973506F 		.ascii	"isPowerOfTwo\000"
 870      7765724F 
 870      6654776F 
 870      00
 871              	.LASF13:
 872 0040 63686172 		.ascii	"char8\000"
 872      3800
 873              	.LASF5:
 874 0046 6C6F6E67 		.ascii	"long unsigned int\000"
 874      20756E73 
 874      69676E65 
 874      6420696E 
 874      7400
 875              	.LASF3:
 876 0058 73686F72 		.ascii	"short unsigned int\000"
 876      7420756E 
 876      7369676E 
 876      65642069 
 876      6E7400
 877              	.LASF18:
 878 006b 2E5C6D61 		.ascii	".\\main.c\000"
 878      696E2E63 
 878      00
 879              	.LASF1:
 880 0074 756E7369 		.ascii	"unsigned char\000"
 880      676E6564 
 880      20636861 
 880      7200
 881              	.LASF10:
 882 0082 646F7562 		.ascii	"double\000"
 882      6C6500
 883              	.LASF25:
 884 0089 5F5F6275 		.ascii	"__builtin_strlen\000"
 884      696C7469 
 884      6E5F7374 
 884      726C656E 
 884      00
 885              	.LASF21:
 886 009a 6D61696E 		.ascii	"main\000"
 886      00
 887              	.LASF14:
 888 009f 75696E74 		.ascii	"uint\000"
 888      00
 889              	.LASF16:
 890 00a4 666C6167 		.ascii	"flag\000"
ARM GAS  C:\Users\Anand\AppData\Local\Temp\cc25bHrz.s 			page 18


 890      00
 891              	.LASF26:
 892 00a9 7374726C 		.ascii	"strlen\000"
 892      656E00
 893              	.LASF7:
 894 00b0 6C6F6E67 		.ascii	"long long unsigned int\000"
 894      206C6F6E 
 894      6720756E 
 894      7369676E 
 894      65642069 
 895              	.LASF17:
 896 00c7 474E5520 		.ascii	"GNU C 4.8.4 20140526 (release) [ARM/embedded-4_8-br"
 896      4320342E 
 896      382E3420 
 896      32303134 
 896      30353236 
 897 00fa 616E6368 		.ascii	"anch revision 211358] -mcpu=cortex-m0 -mthumb -g -O"
 897      20726576 
 897      6973696F 
 897      6E203231 
 897      31333538 
 898 012d 67202D66 		.ascii	"g -ffunction-sections\000"
 898      66756E63 
 898      74696F6E 
 898      2D736563 
 898      74696F6E 
 899              	.LASF12:
 900 0143 73697A65 		.ascii	"sizetype\000"
 900      74797065 
 900      00
 901              	.LASF6:
 902 014c 6C6F6E67 		.ascii	"long long int\000"
 902      206C6F6E 
 902      6720696E 
 902      7400
 903              	.LASF11:
 904 015a 63686172 		.ascii	"char\000"
 904      00
 905              	.LASF27:
 906 015f 6D656D63 		.ascii	"memcpy\000"
 906      707900
 907              	.LASF2:
 908 0166 73686F72 		.ascii	"short int\000"
 908      7420696E 
 908      7400
 909              	.LASF4:
 910 0170 6C6F6E67 		.ascii	"long int\000"
 910      20696E74 
 910      00
 911              	.LASF19:
 912 0179 433A5C55 		.ascii	"C:\\Users\\Anand\\Desktop\\Summer_2015\\ECEC_304\\L"
 912      73657273 
 912      5C416E61 
 912      6E645C44 
 912      65736B74 
 913 01a6 61623261 		.ascii	"ab2a\\countBits\\isPowerOfTwo.cydsn\000"
 913      5C636F75 
ARM GAS  C:\Users\Anand\AppData\Local\Temp\cc25bHrz.s 			page 19


 913      6E744269 
 913      74735C69 
 913      73506F77 
 914              	.LASF0:
 915 01c8 7369676E 		.ascii	"signed char\000"
 915      65642063 
 915      68617200 
 916              	.LASF24:
 917 01d4 73707269 		.ascii	"sprintf\000"
 917      6E746600 
 918              	.LASF22:
 919 01dc 55415254 		.ascii	"UART_1_Start\000"
 919      5F315F53 
 919      74617274 
 919      00
 920              		.ident	"GCC: (GNU Tools for ARM Embedded Processors) 4.8.4 20140526 (release) [ARM/embedded-4_8-br
