ARM GAS  C:\Users\Anand\AppData\Local\Temp\ccTiAK1X.s 			page 1


   1              		.cpu cortex-m0
   2              		.fpu softvfp
   3              		.eabi_attribute 20, 1
   4              		.eabi_attribute 21, 1
   5              		.eabi_attribute 23, 3
   6              		.eabi_attribute 24, 1
   7              		.eabi_attribute 25, 1
   8              		.eabi_attribute 26, 1
   9              		.eabi_attribute 30, 1
  10              		.eabi_attribute 34, 0
  11              		.eabi_attribute 18, 4
  12              		.code	16
  13              		.file	"main.c"
  14              		.text
  15              	.Ltext0:
  16              		.cfi_sections	.debug_frame
  17              		.section	.text.countBits,"ax",%progbits
  18              		.align	2
  19              		.global	countBits
  20              		.code	16
  21              		.thumb_func
  22              		.type	countBits, %function
  23              	countBits:
  24              	.LFB33:
  25              		.file 1 ".\\main.c"
   1:.\main.c      **** #include <project.h>
   2:.\main.c      **** #include <stdio.h>
   3:.\main.c      **** #include <stdlib.h>
   4:.\main.c      **** 
   5:.\main.c      **** #define MAX_BUFFER_SIZE 64
   6:.\main.c      **** #define MAX_ITERATIONS 100
   7:.\main.c      **** 
   8:.\main.c      **** int countBits(int v){
  26              		.loc 1 8 0
  27              		.cfi_startproc
  28              	.LVL0:
  29 0000 031C     		mov	r3, r0
  30              	.LVL1:
   9:.\main.c      ****     int i = 0;
  31              		.loc 1 9 0
  32 0002 0020     		mov	r0, #0
  33              	.LVL2:
  10:.\main.c      ****   
  11:.\main.c      ****     while(v){
  12:.\main.c      ****         i = i + (v & 1);
  34              		.loc 1 12 0
  35 0004 0121     		mov	r1, #1
  11:.\main.c      ****     while(v){
  36              		.loc 1 11 0
  37 0006 03E0     		b	.L2
  38              	.LVL3:
  39              	.L3:
  40              		.loc 1 12 0
  41 0008 0A1C     		mov	r2, r1
  42 000a 1A40     		and	r2, r3
  43 000c 8018     		add	r0, r0, r2
  44              	.LVL4:
ARM GAS  C:\Users\Anand\AppData\Local\Temp\ccTiAK1X.s 			page 2


  13:.\main.c      ****         v = v >> 1;
  45              		.loc 1 13 0
  46 000e 5B10     		asr	r3, r3, #1
  47              	.LVL5:
  48              	.L2:
  11:.\main.c      ****     while(v){
  49              		.loc 1 11 0 discriminator 1
  50 0010 002B     		cmp	r3, #0
  51 0012 F9D1     		bne	.L3
  14:.\main.c      ****     }
  15:.\main.c      ****     
  16:.\main.c      ****     return i;
  17:.\main.c      **** }
  52              		.loc 1 17 0
  53              		@ sp needed
  54 0014 7047     		bx	lr
  55              		.cfi_endproc
  56              	.LFE33:
  57              		.size	countBits, .-countBits
  58 0016 C046     		.section	.text.main,"ax",%progbits
  59              		.align	2
  60              		.global	main
  61              		.code	16
  62              		.thumb_func
  63              		.type	main, %function
  64              	main:
  65              	.LFB34:
  18:.\main.c      **** 
  19:.\main.c      **** 
  20:.\main.c      **** int main()
  21:.\main.c      **** {
  66              		.loc 1 21 0
  67              		.cfi_startproc
  68 0000 70B5     		push	{r4, r5, r6, lr}
  69              		.cfi_def_cfa_offset 16
  70              		.cfi_offset 4, -16
  71              		.cfi_offset 5, -12
  72              		.cfi_offset 6, -8
  73              		.cfi_offset 14, -4
  74 0002 90B0     		sub	sp, sp, #64
  75              		.cfi_def_cfa_offset 80
  22:.\main.c      ****     // allocate buffer size for input
  23:.\main.c      ****     char buf[MAX_BUFFER_SIZE];
  24:.\main.c      ****     CyGlobalIntEnable;      /* Enable global interrupts */
  76              		.loc 1 24 0
  77              	@ 24 ".\main.c" 1
  78 0004 62B6     		CPSIE   i
  79              	@ 0 "" 2
  25:.\main.c      ****     
  26:.\main.c      ****     // start UART
  27:.\main.c      ****     UART_1_Start();
  80              		.loc 1 27 0
  81              		.code	16
  82 0006 FFF7FEFF 		bl	UART_1_Start
  83              	.LVL6:
  28:.\main.c      ****     
  29:.\main.c      ****     // print line
ARM GAS  C:\Users\Anand\AppData\Local\Temp\ccTiAK1X.s 			page 3


  30:.\main.c      ****     strcpy(buf, "Established Communication \n \r");
  84              		.loc 1 30 0
  85 000a 6C46     		mov	r4, sp
  86 000c 1049     		ldr	r1, .L6
  87 000e 6B46     		mov	r3, sp
  88 0010 0A1C     		mov	r2, r1
  89 0012 61CA     		ldmia	r2!, {r0, r5, r6}
  90 0014 61C3     		stmia	r3!, {r0, r5, r6}
  91 0016 23CA     		ldmia	r2!, {r0, r1, r5}
  92 0018 23C3     		stmia	r3!, {r0, r1, r5}
  93 001a 1668     		ldr	r6, [r2]
  94 001c 1E60     		str	r6, [r3]
  95 001e 9288     		ldrh	r2, [r2, #4]
  96 0020 9A80     		strh	r2, [r3, #4]
  31:.\main.c      ****     UART_1_UartPutString(buf);
  97              		.loc 1 31 0
  98 0022 6846     		mov	r0, sp
  99 0024 FFF7FEFF 		bl	UART_1_UartPutString
 100              	.LVL7:
  32:.\main.c      ****     
  33:.\main.c      ****     int v = 0x8; // hex representation of the integer
  34:.\main.c      ****     int count = countBits(v);
 101              		.loc 1 34 0
 102 0028 0820     		mov	r0, #8
 103 002a FFF7FEFF 		bl	countBits
 104              	.LVL8:
 105 002e 021C     		mov	r2, r0
 106              	.LVL9:
  35:.\main.c      ****     
  36:.\main.c      ****     // print result
  37:.\main.c      ****     // integer to string to be printed
  38:.\main.c      ****     sprintf(buf, "%d", count);
 107              		.loc 1 38 0
 108 0030 6846     		mov	r0, sp
 109              	.LVL10:
 110 0032 0849     		ldr	r1, .L6+4
 111 0034 FFF7FEFF 		bl	sprintf
 112              	.LVL11:
  39:.\main.c      ****     strcat(buf, "\n \r");
 113              		.loc 1 39 0
 114 0038 6846     		mov	r0, sp
 115 003a FFF7FEFF 		bl	strlen
 116              	.LVL12:
 117 003e 2018     		add	r0, r4, r0
 118 0040 0549     		ldr	r1, .L6+8
 119 0042 0422     		mov	r2, #4
 120 0044 FFF7FEFF 		bl	memcpy
 121              	.LVL13:
  40:.\main.c      ****     UART_1_UartPutString(buf);
 122              		.loc 1 40 0
 123 0048 6846     		mov	r0, sp
 124 004a FFF7FEFF 		bl	UART_1_UartPutString
 125              	.LVL14:
 126              	.L5:
 127 004e FEE7     		b	.L5
 128              	.L7:
 129              		.align	2
ARM GAS  C:\Users\Anand\AppData\Local\Temp\ccTiAK1X.s 			page 4


 130              	.L6:
 131 0050 00000000 		.word	.LC0
 132 0054 20000000 		.word	.LC2
 133 0058 24000000 		.word	.LC4
 134              		.cfi_endproc
 135              	.LFE34:
 136              		.size	main, .-main
 137              		.section	.rodata.str1.4,"aMS",%progbits,1
 138              		.align	2
 139              	.LC0:
 140 0000 45737461 		.ascii	"Established Communication \012 \015\000"
 140      626C6973 
 140      68656420 
 140      436F6D6D 
 140      756E6963 
 141 001e 0000     		.space	2
 142              	.LC2:
 143 0020 256400   		.ascii	"%d\000"
 144 0023 00       		.space	1
 145              	.LC4:
 146 0024 0A200D00 		.ascii	"\012 \015\000"
 147              		.text
 148              	.Letext0:
 149              		.file 2 "Generated_Source\\PSoC4/cytypes.h"
 150              		.file 3 "Generated_Source\\PSoC4/UART_1.h"
 151              		.file 4 "Generated_Source\\PSoC4/UART_1_SPI_UART.h"
 152              		.file 5 "c:\\program files (x86)\\cypress\\psoc creator\\3.2\\psoc creator\\import\\gnu\\arm\\4.8.
 153              		.file 6 "<built-in>"
 154              		.section	.debug_info,"",%progbits
 155              	.Ldebug_info0:
 156 0000 2D020000 		.4byte	0x22d
 157 0004 0400     		.2byte	0x4
 158 0006 00000000 		.4byte	.Ldebug_abbrev0
 159 000a 04       		.byte	0x4
 160 000b 01       		.uleb128 0x1
 161 000c 4F010000 		.4byte	.LASF14
 162 0010 01       		.byte	0x1
 163 0011 64000000 		.4byte	.LASF15
 164 0015 C0000000 		.4byte	.LASF16
 165 0019 00000000 		.4byte	.Ldebug_ranges0+0
 166 001d 00000000 		.4byte	0
 167 0021 00000000 		.4byte	.Ldebug_line0
 168 0025 02       		.uleb128 0x2
 169 0026 01       		.byte	0x1
 170 0027 06       		.byte	0x6
 171 0028 26010000 		.4byte	.LASF0
 172 002c 02       		.uleb128 0x2
 173 002d 01       		.byte	0x1
 174 002e 08       		.byte	0x8
 175 002f 97000000 		.4byte	.LASF1
 176 0033 02       		.uleb128 0x2
 177 0034 02       		.byte	0x2
 178 0035 05       		.byte	0x5
 179 0036 38010000 		.4byte	.LASF2
 180 003a 02       		.uleb128 0x2
 181 003b 02       		.byte	0x2
 182 003c 07       		.byte	0x7
ARM GAS  C:\Users\Anand\AppData\Local\Temp\ccTiAK1X.s 			page 5


 183 003d 13010000 		.4byte	.LASF3
 184 0041 02       		.uleb128 0x2
 185 0042 04       		.byte	0x4
 186 0043 05       		.byte	0x5
 187 0044 B0000000 		.4byte	.LASF4
 188 0048 02       		.uleb128 0x2
 189 0049 04       		.byte	0x4
 190 004a 07       		.byte	0x7
 191 004b 52000000 		.4byte	.LASF5
 192 004f 02       		.uleb128 0x2
 193 0050 08       		.byte	0x8
 194 0051 05       		.byte	0x5
 195 0052 00000000 		.4byte	.LASF6
 196 0056 02       		.uleb128 0x2
 197 0057 08       		.byte	0x8
 198 0058 07       		.byte	0x7
 199 0059 6D000000 		.4byte	.LASF7
 200 005d 03       		.uleb128 0x3
 201 005e 04       		.byte	0x4
 202 005f 05       		.byte	0x5
 203 0060 696E7400 		.ascii	"int\000"
 204 0064 02       		.uleb128 0x2
 205 0065 04       		.byte	0x4
 206 0066 07       		.byte	0x7
 207 0067 42010000 		.4byte	.LASF8
 208 006b 02       		.uleb128 0x2
 209 006c 04       		.byte	0x4
 210 006d 04       		.byte	0x4
 211 006e 32010000 		.4byte	.LASF9
 212 0072 02       		.uleb128 0x2
 213 0073 08       		.byte	0x8
 214 0074 04       		.byte	0x4
 215 0075 B9000000 		.4byte	.LASF10
 216 0079 04       		.uleb128 0x4
 217 007a 84000000 		.4byte	.LASF17
 218 007e 02       		.byte	0x2
 219 007f C4       		.byte	0xc4
 220 0080 84000000 		.4byte	0x84
 221 0084 02       		.uleb128 0x2
 222 0085 01       		.byte	0x1
 223 0086 08       		.byte	0x8
 224 0087 A5000000 		.4byte	.LASF11
 225 008b 02       		.uleb128 0x2
 226 008c 04       		.byte	0x4
 227 008d 07       		.byte	0x7
 228 008e CB010000 		.4byte	.LASF12
 229 0092 05       		.uleb128 0x5
 230 0093 04       		.byte	0x4
 231 0094 06       		.uleb128 0x6
 232 0095 04       		.byte	0x4
 233 0096 84000000 		.4byte	0x84
 234 009a 06       		.uleb128 0x6
 235 009b 04       		.byte	0x4
 236 009c A0000000 		.4byte	0xa0
 237 00a0 07       		.uleb128 0x7
 238 00a1 84000000 		.4byte	0x84
 239 00a5 06       		.uleb128 0x6
ARM GAS  C:\Users\Anand\AppData\Local\Temp\ccTiAK1X.s 			page 6


 240 00a6 04       		.byte	0x4
 241 00a7 AB000000 		.4byte	0xab
 242 00ab 08       		.uleb128 0x8
 243 00ac 09       		.uleb128 0x9
 244 00ad 0E000000 		.4byte	.LASF18
 245 00b1 01       		.byte	0x1
 246 00b2 08       		.byte	0x8
 247 00b3 5D000000 		.4byte	0x5d
 248 00b7 00000000 		.4byte	.LFB33
 249 00bb 16000000 		.4byte	.LFE33-.LFB33
 250 00bf 01       		.uleb128 0x1
 251 00c0 9C       		.byte	0x9c
 252 00c1 E0000000 		.4byte	0xe0
 253 00c5 0A       		.uleb128 0xa
 254 00c6 7600     		.ascii	"v\000"
 255 00c8 01       		.byte	0x1
 256 00c9 08       		.byte	0x8
 257 00ca 5D000000 		.4byte	0x5d
 258 00ce 00000000 		.4byte	.LLST0
 259 00d2 0B       		.uleb128 0xb
 260 00d3 6900     		.ascii	"i\000"
 261 00d5 01       		.byte	0x1
 262 00d6 09       		.byte	0x9
 263 00d7 5D000000 		.4byte	0x5d
 264 00db 1E000000 		.4byte	.LLST1
 265 00df 00       		.byte	0
 266 00e0 0C       		.uleb128 0xc
 267 00e1 1F000000 		.4byte	.LASF19
 268 00e5 01       		.byte	0x1
 269 00e6 14       		.byte	0x14
 270 00e7 5D000000 		.4byte	0x5d
 271 00eb 00000000 		.4byte	.LFB34
 272 00ef 5C000000 		.4byte	.LFE34-.LFB34
 273 00f3 01       		.uleb128 0x1
 274 00f4 9C       		.byte	0x9c
 275 00f5 AF010000 		.4byte	0x1af
 276 00f9 0D       		.uleb128 0xd
 277 00fa 62756600 		.ascii	"buf\000"
 278 00fe 01       		.byte	0x1
 279 00ff 17       		.byte	0x17
 280 0100 AF010000 		.4byte	0x1af
 281 0104 03       		.uleb128 0x3
 282 0105 91       		.byte	0x91
 283 0106 B07F     		.sleb128 -80
 284 0108 0E       		.uleb128 0xe
 285 0109 7600     		.ascii	"v\000"
 286 010b 01       		.byte	0x1
 287 010c 21       		.byte	0x21
 288 010d 5D000000 		.4byte	0x5d
 289 0111 08       		.byte	0x8
 290 0112 0F       		.uleb128 0xf
 291 0113 AA000000 		.4byte	.LASF13
 292 0117 01       		.byte	0x1
 293 0118 22       		.byte	0x22
 294 0119 5D000000 		.4byte	0x5d
 295 011d 3D000000 		.4byte	.LLST2
 296 0121 10       		.uleb128 0x10
ARM GAS  C:\Users\Anand\AppData\Local\Temp\ccTiAK1X.s 			page 7


 297 0122 0A000000 		.4byte	.LVL6
 298 0126 BF010000 		.4byte	0x1bf
 299 012a 11       		.uleb128 0x11
 300 012b 28000000 		.4byte	.LVL7
 301 012f C6010000 		.4byte	0x1c6
 302 0133 3E010000 		.4byte	0x13e
 303 0137 12       		.uleb128 0x12
 304 0138 01       		.uleb128 0x1
 305 0139 50       		.byte	0x50
 306 013a 02       		.uleb128 0x2
 307 013b 74       		.byte	0x74
 308 013c 00       		.sleb128 0
 309 013d 00       		.byte	0
 310 013e 11       		.uleb128 0x11
 311 013f 2E000000 		.4byte	.LVL8
 312 0143 AC000000 		.4byte	0xac
 313 0147 51010000 		.4byte	0x151
 314 014b 12       		.uleb128 0x12
 315 014c 01       		.uleb128 0x1
 316 014d 50       		.byte	0x50
 317 014e 01       		.uleb128 0x1
 318 014f 38       		.byte	0x38
 319 0150 00       		.byte	0
 320 0151 11       		.uleb128 0x11
 321 0152 38000000 		.4byte	.LVL11
 322 0156 E3010000 		.4byte	0x1e3
 323 015a 6E010000 		.4byte	0x16e
 324 015e 12       		.uleb128 0x12
 325 015f 01       		.uleb128 0x1
 326 0160 51       		.byte	0x51
 327 0161 05       		.uleb128 0x5
 328 0162 03       		.byte	0x3
 329 0163 20000000 		.4byte	.LC2
 330 0167 12       		.uleb128 0x12
 331 0168 01       		.uleb128 0x1
 332 0169 50       		.byte	0x50
 333 016a 02       		.uleb128 0x2
 334 016b 74       		.byte	0x74
 335 016c 00       		.sleb128 0
 336 016d 00       		.byte	0
 337 016e 11       		.uleb128 0x11
 338 016f 3E000000 		.4byte	.LVL12
 339 0173 FE010000 		.4byte	0x1fe
 340 0177 82010000 		.4byte	0x182
 341 017b 12       		.uleb128 0x12
 342 017c 01       		.uleb128 0x1
 343 017d 50       		.byte	0x50
 344 017e 02       		.uleb128 0x2
 345 017f 74       		.byte	0x74
 346 0180 00       		.sleb128 0
 347 0181 00       		.byte	0
 348 0182 11       		.uleb128 0x11
 349 0183 48000000 		.4byte	.LVL13
 350 0187 17020000 		.4byte	0x217
 351 018b 9E010000 		.4byte	0x19e
 352 018f 12       		.uleb128 0x12
 353 0190 01       		.uleb128 0x1
ARM GAS  C:\Users\Anand\AppData\Local\Temp\ccTiAK1X.s 			page 8


 354 0191 52       		.byte	0x52
 355 0192 01       		.uleb128 0x1
 356 0193 34       		.byte	0x34
 357 0194 12       		.uleb128 0x12
 358 0195 01       		.uleb128 0x1
 359 0196 51       		.byte	0x51
 360 0197 05       		.uleb128 0x5
 361 0198 03       		.byte	0x3
 362 0199 24000000 		.4byte	.LC4
 363 019d 00       		.byte	0
 364 019e 13       		.uleb128 0x13
 365 019f 4E000000 		.4byte	.LVL14
 366 01a3 C6010000 		.4byte	0x1c6
 367 01a7 12       		.uleb128 0x12
 368 01a8 01       		.uleb128 0x1
 369 01a9 50       		.byte	0x50
 370 01aa 02       		.uleb128 0x2
 371 01ab 74       		.byte	0x74
 372 01ac 00       		.sleb128 0
 373 01ad 00       		.byte	0
 374 01ae 00       		.byte	0
 375 01af 14       		.uleb128 0x14
 376 01b0 84000000 		.4byte	0x84
 377 01b4 BF010000 		.4byte	0x1bf
 378 01b8 15       		.uleb128 0x15
 379 01b9 8B000000 		.4byte	0x8b
 380 01bd 3F       		.byte	0x3f
 381 01be 00       		.byte	0
 382 01bf 16       		.uleb128 0x16
 383 01c0 8A000000 		.4byte	.LASF20
 384 01c4 03       		.byte	0x3
 385 01c5 68       		.byte	0x68
 386 01c6 17       		.uleb128 0x17
 387 01c7 3D000000 		.4byte	.LASF21
 388 01cb 04       		.byte	0x4
 389 01cc 7701     		.2byte	0x177
 390 01ce D8010000 		.4byte	0x1d8
 391 01d2 18       		.uleb128 0x18
 392 01d3 D8010000 		.4byte	0x1d8
 393 01d7 00       		.byte	0
 394 01d8 06       		.uleb128 0x6
 395 01d9 04       		.byte	0x4
 396 01da DE010000 		.4byte	0x1de
 397 01de 07       		.uleb128 0x7
 398 01df 79000000 		.4byte	0x79
 399 01e3 19       		.uleb128 0x19
 400 01e4 35000000 		.4byte	.LASF22
 401 01e8 05       		.byte	0x5
 402 01e9 D9       		.byte	0xd9
 403 01ea 5D000000 		.4byte	0x5d
 404 01ee FE010000 		.4byte	0x1fe
 405 01f2 18       		.uleb128 0x18
 406 01f3 94000000 		.4byte	0x94
 407 01f7 18       		.uleb128 0x18
 408 01f8 9A000000 		.4byte	0x9a
 409 01fc 1A       		.uleb128 0x1a
 410 01fd 00       		.byte	0
ARM GAS  C:\Users\Anand\AppData\Local\Temp\ccTiAK1X.s 			page 9


 411 01fe 1B       		.uleb128 0x1b
 412 01ff 24000000 		.4byte	.LASF23
 413 0203 06       		.byte	0x6
 414 0204 00       		.byte	0
 415 0205 18000000 		.4byte	.LASF24
 416 0209 64000000 		.4byte	0x64
 417 020d 17020000 		.4byte	0x217
 418 0211 18       		.uleb128 0x18
 419 0212 9A000000 		.4byte	0x9a
 420 0216 00       		.byte	0
 421 0217 1C       		.uleb128 0x1c
 422 0218 0C010000 		.4byte	.LASF25
 423 021c 92000000 		.4byte	0x92
 424 0220 18       		.uleb128 0x18
 425 0221 92000000 		.4byte	0x92
 426 0225 18       		.uleb128 0x18
 427 0226 A5000000 		.4byte	0xa5
 428 022a 18       		.uleb128 0x18
 429 022b 8B000000 		.4byte	0x8b
 430 022f 00       		.byte	0
 431 0230 00       		.byte	0
 432              		.section	.debug_abbrev,"",%progbits
 433              	.Ldebug_abbrev0:
 434 0000 01       		.uleb128 0x1
 435 0001 11       		.uleb128 0x11
 436 0002 01       		.byte	0x1
 437 0003 25       		.uleb128 0x25
 438 0004 0E       		.uleb128 0xe
 439 0005 13       		.uleb128 0x13
 440 0006 0B       		.uleb128 0xb
 441 0007 03       		.uleb128 0x3
 442 0008 0E       		.uleb128 0xe
 443 0009 1B       		.uleb128 0x1b
 444 000a 0E       		.uleb128 0xe
 445 000b 55       		.uleb128 0x55
 446 000c 17       		.uleb128 0x17
 447 000d 11       		.uleb128 0x11
 448 000e 01       		.uleb128 0x1
 449 000f 10       		.uleb128 0x10
 450 0010 17       		.uleb128 0x17
 451 0011 00       		.byte	0
 452 0012 00       		.byte	0
 453 0013 02       		.uleb128 0x2
 454 0014 24       		.uleb128 0x24
 455 0015 00       		.byte	0
 456 0016 0B       		.uleb128 0xb
 457 0017 0B       		.uleb128 0xb
 458 0018 3E       		.uleb128 0x3e
 459 0019 0B       		.uleb128 0xb
 460 001a 03       		.uleb128 0x3
 461 001b 0E       		.uleb128 0xe
 462 001c 00       		.byte	0
 463 001d 00       		.byte	0
 464 001e 03       		.uleb128 0x3
 465 001f 24       		.uleb128 0x24
 466 0020 00       		.byte	0
 467 0021 0B       		.uleb128 0xb
ARM GAS  C:\Users\Anand\AppData\Local\Temp\ccTiAK1X.s 			page 10


 468 0022 0B       		.uleb128 0xb
 469 0023 3E       		.uleb128 0x3e
 470 0024 0B       		.uleb128 0xb
 471 0025 03       		.uleb128 0x3
 472 0026 08       		.uleb128 0x8
 473 0027 00       		.byte	0
 474 0028 00       		.byte	0
 475 0029 04       		.uleb128 0x4
 476 002a 16       		.uleb128 0x16
 477 002b 00       		.byte	0
 478 002c 03       		.uleb128 0x3
 479 002d 0E       		.uleb128 0xe
 480 002e 3A       		.uleb128 0x3a
 481 002f 0B       		.uleb128 0xb
 482 0030 3B       		.uleb128 0x3b
 483 0031 0B       		.uleb128 0xb
 484 0032 49       		.uleb128 0x49
 485 0033 13       		.uleb128 0x13
 486 0034 00       		.byte	0
 487 0035 00       		.byte	0
 488 0036 05       		.uleb128 0x5
 489 0037 0F       		.uleb128 0xf
 490 0038 00       		.byte	0
 491 0039 0B       		.uleb128 0xb
 492 003a 0B       		.uleb128 0xb
 493 003b 00       		.byte	0
 494 003c 00       		.byte	0
 495 003d 06       		.uleb128 0x6
 496 003e 0F       		.uleb128 0xf
 497 003f 00       		.byte	0
 498 0040 0B       		.uleb128 0xb
 499 0041 0B       		.uleb128 0xb
 500 0042 49       		.uleb128 0x49
 501 0043 13       		.uleb128 0x13
 502 0044 00       		.byte	0
 503 0045 00       		.byte	0
 504 0046 07       		.uleb128 0x7
 505 0047 26       		.uleb128 0x26
 506 0048 00       		.byte	0
 507 0049 49       		.uleb128 0x49
 508 004a 13       		.uleb128 0x13
 509 004b 00       		.byte	0
 510 004c 00       		.byte	0
 511 004d 08       		.uleb128 0x8
 512 004e 26       		.uleb128 0x26
 513 004f 00       		.byte	0
 514 0050 00       		.byte	0
 515 0051 00       		.byte	0
 516 0052 09       		.uleb128 0x9
 517 0053 2E       		.uleb128 0x2e
 518 0054 01       		.byte	0x1
 519 0055 3F       		.uleb128 0x3f
 520 0056 19       		.uleb128 0x19
 521 0057 03       		.uleb128 0x3
 522 0058 0E       		.uleb128 0xe
 523 0059 3A       		.uleb128 0x3a
 524 005a 0B       		.uleb128 0xb
ARM GAS  C:\Users\Anand\AppData\Local\Temp\ccTiAK1X.s 			page 11


 525 005b 3B       		.uleb128 0x3b
 526 005c 0B       		.uleb128 0xb
 527 005d 27       		.uleb128 0x27
 528 005e 19       		.uleb128 0x19
 529 005f 49       		.uleb128 0x49
 530 0060 13       		.uleb128 0x13
 531 0061 11       		.uleb128 0x11
 532 0062 01       		.uleb128 0x1
 533 0063 12       		.uleb128 0x12
 534 0064 06       		.uleb128 0x6
 535 0065 40       		.uleb128 0x40
 536 0066 18       		.uleb128 0x18
 537 0067 9742     		.uleb128 0x2117
 538 0069 19       		.uleb128 0x19
 539 006a 01       		.uleb128 0x1
 540 006b 13       		.uleb128 0x13
 541 006c 00       		.byte	0
 542 006d 00       		.byte	0
 543 006e 0A       		.uleb128 0xa
 544 006f 05       		.uleb128 0x5
 545 0070 00       		.byte	0
 546 0071 03       		.uleb128 0x3
 547 0072 08       		.uleb128 0x8
 548 0073 3A       		.uleb128 0x3a
 549 0074 0B       		.uleb128 0xb
 550 0075 3B       		.uleb128 0x3b
 551 0076 0B       		.uleb128 0xb
 552 0077 49       		.uleb128 0x49
 553 0078 13       		.uleb128 0x13
 554 0079 02       		.uleb128 0x2
 555 007a 17       		.uleb128 0x17
 556 007b 00       		.byte	0
 557 007c 00       		.byte	0
 558 007d 0B       		.uleb128 0xb
 559 007e 34       		.uleb128 0x34
 560 007f 00       		.byte	0
 561 0080 03       		.uleb128 0x3
 562 0081 08       		.uleb128 0x8
 563 0082 3A       		.uleb128 0x3a
 564 0083 0B       		.uleb128 0xb
 565 0084 3B       		.uleb128 0x3b
 566 0085 0B       		.uleb128 0xb
 567 0086 49       		.uleb128 0x49
 568 0087 13       		.uleb128 0x13
 569 0088 02       		.uleb128 0x2
 570 0089 17       		.uleb128 0x17
 571 008a 00       		.byte	0
 572 008b 00       		.byte	0
 573 008c 0C       		.uleb128 0xc
 574 008d 2E       		.uleb128 0x2e
 575 008e 01       		.byte	0x1
 576 008f 3F       		.uleb128 0x3f
 577 0090 19       		.uleb128 0x19
 578 0091 03       		.uleb128 0x3
 579 0092 0E       		.uleb128 0xe
 580 0093 3A       		.uleb128 0x3a
 581 0094 0B       		.uleb128 0xb
ARM GAS  C:\Users\Anand\AppData\Local\Temp\ccTiAK1X.s 			page 12


 582 0095 3B       		.uleb128 0x3b
 583 0096 0B       		.uleb128 0xb
 584 0097 49       		.uleb128 0x49
 585 0098 13       		.uleb128 0x13
 586 0099 11       		.uleb128 0x11
 587 009a 01       		.uleb128 0x1
 588 009b 12       		.uleb128 0x12
 589 009c 06       		.uleb128 0x6
 590 009d 40       		.uleb128 0x40
 591 009e 18       		.uleb128 0x18
 592 009f 9742     		.uleb128 0x2117
 593 00a1 19       		.uleb128 0x19
 594 00a2 01       		.uleb128 0x1
 595 00a3 13       		.uleb128 0x13
 596 00a4 00       		.byte	0
 597 00a5 00       		.byte	0
 598 00a6 0D       		.uleb128 0xd
 599 00a7 34       		.uleb128 0x34
 600 00a8 00       		.byte	0
 601 00a9 03       		.uleb128 0x3
 602 00aa 08       		.uleb128 0x8
 603 00ab 3A       		.uleb128 0x3a
 604 00ac 0B       		.uleb128 0xb
 605 00ad 3B       		.uleb128 0x3b
 606 00ae 0B       		.uleb128 0xb
 607 00af 49       		.uleb128 0x49
 608 00b0 13       		.uleb128 0x13
 609 00b1 02       		.uleb128 0x2
 610 00b2 18       		.uleb128 0x18
 611 00b3 00       		.byte	0
 612 00b4 00       		.byte	0
 613 00b5 0E       		.uleb128 0xe
 614 00b6 34       		.uleb128 0x34
 615 00b7 00       		.byte	0
 616 00b8 03       		.uleb128 0x3
 617 00b9 08       		.uleb128 0x8
 618 00ba 3A       		.uleb128 0x3a
 619 00bb 0B       		.uleb128 0xb
 620 00bc 3B       		.uleb128 0x3b
 621 00bd 0B       		.uleb128 0xb
 622 00be 49       		.uleb128 0x49
 623 00bf 13       		.uleb128 0x13
 624 00c0 1C       		.uleb128 0x1c
 625 00c1 0B       		.uleb128 0xb
 626 00c2 00       		.byte	0
 627 00c3 00       		.byte	0
 628 00c4 0F       		.uleb128 0xf
 629 00c5 34       		.uleb128 0x34
 630 00c6 00       		.byte	0
 631 00c7 03       		.uleb128 0x3
 632 00c8 0E       		.uleb128 0xe
 633 00c9 3A       		.uleb128 0x3a
 634 00ca 0B       		.uleb128 0xb
 635 00cb 3B       		.uleb128 0x3b
 636 00cc 0B       		.uleb128 0xb
 637 00cd 49       		.uleb128 0x49
 638 00ce 13       		.uleb128 0x13
ARM GAS  C:\Users\Anand\AppData\Local\Temp\ccTiAK1X.s 			page 13


 639 00cf 02       		.uleb128 0x2
 640 00d0 17       		.uleb128 0x17
 641 00d1 00       		.byte	0
 642 00d2 00       		.byte	0
 643 00d3 10       		.uleb128 0x10
 644 00d4 898201   		.uleb128 0x4109
 645 00d7 00       		.byte	0
 646 00d8 11       		.uleb128 0x11
 647 00d9 01       		.uleb128 0x1
 648 00da 31       		.uleb128 0x31
 649 00db 13       		.uleb128 0x13
 650 00dc 00       		.byte	0
 651 00dd 00       		.byte	0
 652 00de 11       		.uleb128 0x11
 653 00df 898201   		.uleb128 0x4109
 654 00e2 01       		.byte	0x1
 655 00e3 11       		.uleb128 0x11
 656 00e4 01       		.uleb128 0x1
 657 00e5 31       		.uleb128 0x31
 658 00e6 13       		.uleb128 0x13
 659 00e7 01       		.uleb128 0x1
 660 00e8 13       		.uleb128 0x13
 661 00e9 00       		.byte	0
 662 00ea 00       		.byte	0
 663 00eb 12       		.uleb128 0x12
 664 00ec 8A8201   		.uleb128 0x410a
 665 00ef 00       		.byte	0
 666 00f0 02       		.uleb128 0x2
 667 00f1 18       		.uleb128 0x18
 668 00f2 9142     		.uleb128 0x2111
 669 00f4 18       		.uleb128 0x18
 670 00f5 00       		.byte	0
 671 00f6 00       		.byte	0
 672 00f7 13       		.uleb128 0x13
 673 00f8 898201   		.uleb128 0x4109
 674 00fb 01       		.byte	0x1
 675 00fc 11       		.uleb128 0x11
 676 00fd 01       		.uleb128 0x1
 677 00fe 31       		.uleb128 0x31
 678 00ff 13       		.uleb128 0x13
 679 0100 00       		.byte	0
 680 0101 00       		.byte	0
 681 0102 14       		.uleb128 0x14
 682 0103 01       		.uleb128 0x1
 683 0104 01       		.byte	0x1
 684 0105 49       		.uleb128 0x49
 685 0106 13       		.uleb128 0x13
 686 0107 01       		.uleb128 0x1
 687 0108 13       		.uleb128 0x13
 688 0109 00       		.byte	0
 689 010a 00       		.byte	0
 690 010b 15       		.uleb128 0x15
 691 010c 21       		.uleb128 0x21
 692 010d 00       		.byte	0
 693 010e 49       		.uleb128 0x49
 694 010f 13       		.uleb128 0x13
 695 0110 2F       		.uleb128 0x2f
ARM GAS  C:\Users\Anand\AppData\Local\Temp\ccTiAK1X.s 			page 14


 696 0111 0B       		.uleb128 0xb
 697 0112 00       		.byte	0
 698 0113 00       		.byte	0
 699 0114 16       		.uleb128 0x16
 700 0115 2E       		.uleb128 0x2e
 701 0116 00       		.byte	0
 702 0117 3F       		.uleb128 0x3f
 703 0118 19       		.uleb128 0x19
 704 0119 03       		.uleb128 0x3
 705 011a 0E       		.uleb128 0xe
 706 011b 3A       		.uleb128 0x3a
 707 011c 0B       		.uleb128 0xb
 708 011d 3B       		.uleb128 0x3b
 709 011e 0B       		.uleb128 0xb
 710 011f 27       		.uleb128 0x27
 711 0120 19       		.uleb128 0x19
 712 0121 3C       		.uleb128 0x3c
 713 0122 19       		.uleb128 0x19
 714 0123 00       		.byte	0
 715 0124 00       		.byte	0
 716 0125 17       		.uleb128 0x17
 717 0126 2E       		.uleb128 0x2e
 718 0127 01       		.byte	0x1
 719 0128 3F       		.uleb128 0x3f
 720 0129 19       		.uleb128 0x19
 721 012a 03       		.uleb128 0x3
 722 012b 0E       		.uleb128 0xe
 723 012c 3A       		.uleb128 0x3a
 724 012d 0B       		.uleb128 0xb
 725 012e 3B       		.uleb128 0x3b
 726 012f 05       		.uleb128 0x5
 727 0130 27       		.uleb128 0x27
 728 0131 19       		.uleb128 0x19
 729 0132 3C       		.uleb128 0x3c
 730 0133 19       		.uleb128 0x19
 731 0134 01       		.uleb128 0x1
 732 0135 13       		.uleb128 0x13
 733 0136 00       		.byte	0
 734 0137 00       		.byte	0
 735 0138 18       		.uleb128 0x18
 736 0139 05       		.uleb128 0x5
 737 013a 00       		.byte	0
 738 013b 49       		.uleb128 0x49
 739 013c 13       		.uleb128 0x13
 740 013d 00       		.byte	0
 741 013e 00       		.byte	0
 742 013f 19       		.uleb128 0x19
 743 0140 2E       		.uleb128 0x2e
 744 0141 01       		.byte	0x1
 745 0142 3F       		.uleb128 0x3f
 746 0143 19       		.uleb128 0x19
 747 0144 03       		.uleb128 0x3
 748 0145 0E       		.uleb128 0xe
 749 0146 3A       		.uleb128 0x3a
 750 0147 0B       		.uleb128 0xb
 751 0148 3B       		.uleb128 0x3b
 752 0149 0B       		.uleb128 0xb
ARM GAS  C:\Users\Anand\AppData\Local\Temp\ccTiAK1X.s 			page 15


 753 014a 27       		.uleb128 0x27
 754 014b 19       		.uleb128 0x19
 755 014c 49       		.uleb128 0x49
 756 014d 13       		.uleb128 0x13
 757 014e 3C       		.uleb128 0x3c
 758 014f 19       		.uleb128 0x19
 759 0150 01       		.uleb128 0x1
 760 0151 13       		.uleb128 0x13
 761 0152 00       		.byte	0
 762 0153 00       		.byte	0
 763 0154 1A       		.uleb128 0x1a
 764 0155 18       		.uleb128 0x18
 765 0156 00       		.byte	0
 766 0157 00       		.byte	0
 767 0158 00       		.byte	0
 768 0159 1B       		.uleb128 0x1b
 769 015a 2E       		.uleb128 0x2e
 770 015b 01       		.byte	0x1
 771 015c 3F       		.uleb128 0x3f
 772 015d 19       		.uleb128 0x19
 773 015e 03       		.uleb128 0x3
 774 015f 0E       		.uleb128 0xe
 775 0160 3A       		.uleb128 0x3a
 776 0161 0B       		.uleb128 0xb
 777 0162 3B       		.uleb128 0x3b
 778 0163 0B       		.uleb128 0xb
 779 0164 6E       		.uleb128 0x6e
 780 0165 0E       		.uleb128 0xe
 781 0166 27       		.uleb128 0x27
 782 0167 19       		.uleb128 0x19
 783 0168 49       		.uleb128 0x49
 784 0169 13       		.uleb128 0x13
 785 016a 3C       		.uleb128 0x3c
 786 016b 19       		.uleb128 0x19
 787 016c 01       		.uleb128 0x1
 788 016d 13       		.uleb128 0x13
 789 016e 00       		.byte	0
 790 016f 00       		.byte	0
 791 0170 1C       		.uleb128 0x1c
 792 0171 2E       		.uleb128 0x2e
 793 0172 01       		.byte	0x1
 794 0173 3F       		.uleb128 0x3f
 795 0174 19       		.uleb128 0x19
 796 0175 03       		.uleb128 0x3
 797 0176 0E       		.uleb128 0xe
 798 0177 27       		.uleb128 0x27
 799 0178 19       		.uleb128 0x19
 800 0179 49       		.uleb128 0x49
 801 017a 13       		.uleb128 0x13
 802 017b 34       		.uleb128 0x34
 803 017c 19       		.uleb128 0x19
 804 017d 3C       		.uleb128 0x3c
 805 017e 19       		.uleb128 0x19
 806 017f 00       		.byte	0
 807 0180 00       		.byte	0
 808 0181 00       		.byte	0
 809              		.section	.debug_loc,"",%progbits
ARM GAS  C:\Users\Anand\AppData\Local\Temp\ccTiAK1X.s 			page 16


 810              	.Ldebug_loc0:
 811              	.LLST0:
 812 0000 00000000 		.4byte	.LVL0
 813 0004 04000000 		.4byte	.LVL2
 814 0008 0100     		.2byte	0x1
 815 000a 50       		.byte	0x50
 816 000b 04000000 		.4byte	.LVL2
 817 000f 16000000 		.4byte	.LFE33
 818 0013 0100     		.2byte	0x1
 819 0015 53       		.byte	0x53
 820 0016 00000000 		.4byte	0
 821 001a 00000000 		.4byte	0
 822              	.LLST1:
 823 001e 02000000 		.4byte	.LVL1
 824 0022 08000000 		.4byte	.LVL3
 825 0026 0200     		.2byte	0x2
 826 0028 30       		.byte	0x30
 827 0029 9F       		.byte	0x9f
 828 002a 08000000 		.4byte	.LVL3
 829 002e 16000000 		.4byte	.LFE33
 830 0032 0100     		.2byte	0x1
 831 0034 50       		.byte	0x50
 832 0035 00000000 		.4byte	0
 833 0039 00000000 		.4byte	0
 834              	.LLST2:
 835 003d 30000000 		.4byte	.LVL9
 836 0041 32000000 		.4byte	.LVL10
 837 0045 0100     		.2byte	0x1
 838 0047 50       		.byte	0x50
 839 0048 32000000 		.4byte	.LVL10
 840 004c 37000000 		.4byte	.LVL11-1
 841 0050 0100     		.2byte	0x1
 842 0052 52       		.byte	0x52
 843 0053 00000000 		.4byte	0
 844 0057 00000000 		.4byte	0
 845              		.section	.debug_aranges,"",%progbits
 846 0000 24000000 		.4byte	0x24
 847 0004 0200     		.2byte	0x2
 848 0006 00000000 		.4byte	.Ldebug_info0
 849 000a 04       		.byte	0x4
 850 000b 00       		.byte	0
 851 000c 0000     		.2byte	0
 852 000e 0000     		.2byte	0
 853 0010 00000000 		.4byte	.LFB33
 854 0014 16000000 		.4byte	.LFE33-.LFB33
 855 0018 00000000 		.4byte	.LFB34
 856 001c 5C000000 		.4byte	.LFE34-.LFB34
 857 0020 00000000 		.4byte	0
 858 0024 00000000 		.4byte	0
 859              		.section	.debug_ranges,"",%progbits
 860              	.Ldebug_ranges0:
 861 0000 00000000 		.4byte	.LFB33
 862 0004 16000000 		.4byte	.LFE33
 863 0008 00000000 		.4byte	.LFB34
 864 000c 5C000000 		.4byte	.LFE34
 865 0010 00000000 		.4byte	0
 866 0014 00000000 		.4byte	0
ARM GAS  C:\Users\Anand\AppData\Local\Temp\ccTiAK1X.s 			page 17


 867              		.section	.debug_line,"",%progbits
 868              	.Ldebug_line0:
 869 0000 1A010000 		.section	.debug_str,"MS",%progbits,1
 869      0200E500 
 869      00000201 
 869      FB0E0D00 
 869      01010101 
 870              	.LASF6:
 871 0000 6C6F6E67 		.ascii	"long long int\000"
 871      206C6F6E 
 871      6720696E 
 871      7400
 872              	.LASF18:
 873 000e 636F756E 		.ascii	"countBits\000"
 873      74426974 
 873      7300
 874              	.LASF24:
 875 0018 7374726C 		.ascii	"strlen\000"
 875      656E00
 876              	.LASF19:
 877 001f 6D61696E 		.ascii	"main\000"
 877      00
 878              	.LASF23:
 879 0024 5F5F6275 		.ascii	"__builtin_strlen\000"
 879      696C7469 
 879      6E5F7374 
 879      726C656E 
 879      00
 880              	.LASF22:
 881 0035 73707269 		.ascii	"sprintf\000"
 881      6E746600 
 882              	.LASF21:
 883 003d 55415254 		.ascii	"UART_1_UartPutString\000"
 883      5F315F55 
 883      61727450 
 883      75745374 
 883      72696E67 
 884              	.LASF5:
 885 0052 6C6F6E67 		.ascii	"long unsigned int\000"
 885      20756E73 
 885      69676E65 
 885      6420696E 
 885      7400
 886              	.LASF15:
 887 0064 2E5C6D61 		.ascii	".\\main.c\000"
 887      696E2E63 
 887      00
 888              	.LASF7:
 889 006d 6C6F6E67 		.ascii	"long long unsigned int\000"
 889      206C6F6E 
 889      6720756E 
 889      7369676E 
 889      65642069 
 890              	.LASF17:
 891 0084 63686172 		.ascii	"char8\000"
 891      3800
 892              	.LASF20:
ARM GAS  C:\Users\Anand\AppData\Local\Temp\ccTiAK1X.s 			page 18


 893 008a 55415254 		.ascii	"UART_1_Start\000"
 893      5F315F53 
 893      74617274 
 893      00
 894              	.LASF1:
 895 0097 756E7369 		.ascii	"unsigned char\000"
 895      676E6564 
 895      20636861 
 895      7200
 896              	.LASF11:
 897 00a5 63686172 		.ascii	"char\000"
 897      00
 898              	.LASF13:
 899 00aa 636F756E 		.ascii	"count\000"
 899      7400
 900              	.LASF4:
 901 00b0 6C6F6E67 		.ascii	"long int\000"
 901      20696E74 
 901      00
 902              	.LASF10:
 903 00b9 646F7562 		.ascii	"double\000"
 903      6C6500
 904              	.LASF16:
 905 00c0 433A5C55 		.ascii	"C:\\Users\\Anand\\Desktop\\Summer_2015\\ECEC_304\\L"
 905      73657273 
 905      5C416E61 
 905      6E645C44 
 905      65736B74 
 906 00ed 61623261 		.ascii	"ab2a\\countBits\\countBits.cydsn\000"
 906      5C636F75 
 906      6E744269 
 906      74735C63 
 906      6F756E74 
 907              	.LASF25:
 908 010c 6D656D63 		.ascii	"memcpy\000"
 908      707900
 909              	.LASF3:
 910 0113 73686F72 		.ascii	"short unsigned int\000"
 910      7420756E 
 910      7369676E 
 910      65642069 
 910      6E7400
 911              	.LASF0:
 912 0126 7369676E 		.ascii	"signed char\000"
 912      65642063 
 912      68617200 
 913              	.LASF9:
 914 0132 666C6F61 		.ascii	"float\000"
 914      7400
 915              	.LASF2:
 916 0138 73686F72 		.ascii	"short int\000"
 916      7420696E 
 916      7400
 917              	.LASF8:
 918 0142 756E7369 		.ascii	"unsigned int\000"
 918      676E6564 
 918      20696E74 
ARM GAS  C:\Users\Anand\AppData\Local\Temp\ccTiAK1X.s 			page 19


 918      00
 919              	.LASF14:
 920 014f 474E5520 		.ascii	"GNU C 4.8.4 20140526 (release) [ARM/embedded-4_8-br"
 920      4320342E 
 920      382E3420 
 920      32303134 
 920      30353236 
 921 0182 616E6368 		.ascii	"anch revision 211358] -mcpu=cortex-m0 -mthumb -g -O"
 921      20726576 
 921      6973696F 
 921      6E203231 
 921      31333538 
 922 01b5 67202D66 		.ascii	"g -ffunction-sections\000"
 922      66756E63 
 922      74696F6E 
 922      2D736563 
 922      74696F6E 
 923              	.LASF12:
 924 01cb 73697A65 		.ascii	"sizetype\000"
 924      74797065 
 924      00
 925              		.ident	"GCC: (GNU Tools for ARM Embedded Processors) 4.8.4 20140526 (release) [ARM/embedded-4_8-br
