ARM GAS  C:\Users\Anand\AppData\Local\Temp\ccFdFoXM.s 			page 1


   1              		.cpu cortex-m0
   2              		.fpu softvfp
   3              		.eabi_attribute 20, 1
   4              		.eabi_attribute 21, 1
   5              		.eabi_attribute 23, 3
   6              		.eabi_attribute 24, 1
   7              		.eabi_attribute 25, 1
   8              		.eabi_attribute 26, 1
   9              		.eabi_attribute 30, 1
  10              		.eabi_attribute 34, 0
  11              		.eabi_attribute 18, 4
  12              		.code	16
  13              		.file	"main.c"
  14              		.text
  15              	.Ltext0:
  16              		.cfi_sections	.debug_frame
  17              		.section	.text.reverseBits,"ax",%progbits
  18              		.align	2
  19              		.global	reverseBits
  20              		.code	16
  21              		.thumb_func
  22              		.type	reverseBits, %function
  23              	reverseBits:
  24              	.LFB33:
  25              		.file 1 ".\\main.c"
   1:.\main.c      **** #include <project.h>
   2:.\main.c      **** #include <stdio.h>
   3:.\main.c      **** #include <stdlib.h>
   4:.\main.c      **** 
   5:.\main.c      **** #define MAX_BUFFER_SIZE 64
   6:.\main.c      **** #define MAX_ITERATIONS 100
   7:.\main.c      **** 
   8:.\main.c      **** uint reverseBits(uint v){
  26              		.loc 1 8 0
  27              		.cfi_startproc
  28              	.LVL0:
  29 0000 10B5     		push	{r4, lr}
  30              		.cfi_def_cfa_offset 8
  31              		.cfi_offset 4, -8
  32              		.cfi_offset 14, -4
  33              	.LVL1:
   9:.\main.c      ****         // input bits to be reversed
  10:.\main.c      ****     unsigned int r = v; // r will be reversed bits of v; first get LSB of v
  11:.\main.c      ****     int s = sizeof(v) * 8-1; // extra shift needed at end
  12:.\main.c      **** 
  13:.\main.c      ****     for (v >>= 1; v; v >>= 1){   
  34              		.loc 1 13 0
  35 0002 4308     		lsr	r3, r0, #1
  36              	.LVL2:
  11:.\main.c      ****     int s = sizeof(v) * 8-1; // extra shift needed at end
  37              		.loc 1 11 0
  38 0004 1F22     		mov	r2, #31
  14:.\main.c      ****         r <<= 1;
  15:.\main.c      ****         r |= v & 1;
  39              		.loc 1 15 0
  40 0006 0124     		mov	r4, #1
  13:.\main.c      ****     for (v >>= 1; v; v >>= 1){   
ARM GAS  C:\Users\Anand\AppData\Local\Temp\ccFdFoXM.s 			page 2


  41              		.loc 1 13 0
  42 0008 05E0     		b	.L2
  43              	.LVL3:
  44              	.L3:
  14:.\main.c      ****         r <<= 1;
  45              		.loc 1 14 0 discriminator 2
  46 000a 4000     		lsl	r0, r0, #1
  47              	.LVL4:
  48              		.loc 1 15 0 discriminator 2
  49 000c 211C     		mov	r1, r4
  50 000e 1940     		and	r1, r3
  51 0010 0843     		orr	r0, r1
  52              	.LVL5:
  16:.\main.c      ****         s--;
  53              		.loc 1 16 0 discriminator 2
  54 0012 013A     		sub	r2, r2, #1
  55              	.LVL6:
  13:.\main.c      ****     for (v >>= 1; v; v >>= 1){   
  56              		.loc 1 13 0 discriminator 2
  57 0014 5B08     		lsr	r3, r3, #1
  58              	.LVL7:
  59              	.L2:
  13:.\main.c      ****     for (v >>= 1; v; v >>= 1){   
  60              		.loc 1 13 0 is_stmt 0 discriminator 1
  61 0016 002B     		cmp	r3, #0
  62 0018 F7D1     		bne	.L3
  17:.\main.c      ****     }
  18:.\main.c      ****     
  19:.\main.c      ****     r <<= s; // shift when v's highest bits are zero
  63              		.loc 1 19 0 is_stmt 1
  64 001a 9040     		lsl	r0, r0, r2
  65              	.LVL8:
  20:.\main.c      **** 
  21:.\main.c      ****     return r;
  22:.\main.c      **** }
  66              		.loc 1 22 0
  67              		@ sp needed
  68 001c 10BD     		pop	{r4, pc}
  69              		.cfi_endproc
  70              	.LFE33:
  71              		.size	reverseBits, .-reverseBits
  72 001e C046     		.section	.text.main,"ax",%progbits
  73              		.align	2
  74              		.global	main
  75              		.code	16
  76              		.thumb_func
  77              		.type	main, %function
  78              	main:
  79              	.LFB34:
  23:.\main.c      **** 
  24:.\main.c      **** int main(){
  80              		.loc 1 24 0
  81              		.cfi_startproc
  82 0000 70B5     		push	{r4, r5, r6, lr}
  83              		.cfi_def_cfa_offset 16
  84              		.cfi_offset 4, -16
  85              		.cfi_offset 5, -12
ARM GAS  C:\Users\Anand\AppData\Local\Temp\ccFdFoXM.s 			page 3


  86              		.cfi_offset 6, -8
  87              		.cfi_offset 14, -4
  88 0002 90B0     		sub	sp, sp, #64
  89              		.cfi_def_cfa_offset 80
  25:.\main.c      **** 
  26:.\main.c      ****     // allocate buffer size for input
  27:.\main.c      ****     char buf[MAX_BUFFER_SIZE];
  28:.\main.c      ****     CyGlobalIntEnable;      /* Enable global interrupts */
  90              		.loc 1 28 0
  91              	@ 28 ".\main.c" 1
  92 0004 62B6     		CPSIE   i
  93              	@ 0 "" 2
  29:.\main.c      ****     
  30:.\main.c      ****     // start UART
  31:.\main.c      ****     UART_1_Start();
  94              		.loc 1 31 0
  95              		.code	16
  96 0006 FFF7FEFF 		bl	UART_1_Start
  97              	.LVL9:
  32:.\main.c      ****     
  33:.\main.c      ****     // print line
  34:.\main.c      ****     strcpy(buf, "Established Communication \n \r");
  98              		.loc 1 34 0
  99 000a 6C46     		mov	r4, sp
 100 000c 1049     		ldr	r1, .L6
 101 000e 6B46     		mov	r3, sp
 102 0010 0A1C     		mov	r2, r1
 103 0012 61CA     		ldmia	r2!, {r0, r5, r6}
 104 0014 61C3     		stmia	r3!, {r0, r5, r6}
 105 0016 23CA     		ldmia	r2!, {r0, r1, r5}
 106 0018 23C3     		stmia	r3!, {r0, r1, r5}
 107 001a 1668     		ldr	r6, [r2]
 108 001c 1E60     		str	r6, [r3]
 109 001e 9288     		ldrh	r2, [r2, #4]
 110 0020 9A80     		strh	r2, [r3, #4]
  35:.\main.c      ****     UART_1_UartPutString(buf);
 111              		.loc 1 35 0
 112 0022 6846     		mov	r0, sp
 113 0024 FFF7FEFF 		bl	UART_1_UartPutString
 114              	.LVL10:
  36:.\main.c      ****     
  37:.\main.c      ****     uint v4 = 0x56; // hex representation of the integer
  38:.\main.c      ****     uint vv4 = reverseBits(v4);
 115              		.loc 1 38 0
 116 0028 5620     		mov	r0, #86
 117 002a FFF7FEFF 		bl	reverseBits
 118              	.LVL11:
 119 002e 021C     		mov	r2, r0
 120              	.LVL12:
  39:.\main.c      ****     
  40:.\main.c      ****     // print result
  41:.\main.c      ****     // integer to string to be printed
  42:.\main.c      ****     sprintf(buf, "%X", vv4);
 121              		.loc 1 42 0
 122 0030 6846     		mov	r0, sp
 123              	.LVL13:
 124 0032 0849     		ldr	r1, .L6+4
ARM GAS  C:\Users\Anand\AppData\Local\Temp\ccFdFoXM.s 			page 4


 125 0034 FFF7FEFF 		bl	sprintf
 126              	.LVL14:
  43:.\main.c      ****     strcat(buf, "\n \r");
 127              		.loc 1 43 0
 128 0038 6846     		mov	r0, sp
 129 003a FFF7FEFF 		bl	strlen
 130              	.LVL15:
 131 003e 2018     		add	r0, r4, r0
 132 0040 0549     		ldr	r1, .L6+8
 133 0042 0422     		mov	r2, #4
 134 0044 FFF7FEFF 		bl	memcpy
 135              	.LVL16:
  44:.\main.c      ****     UART_1_UartPutString(buf);
 136              		.loc 1 44 0
 137 0048 6846     		mov	r0, sp
 138 004a FFF7FEFF 		bl	UART_1_UartPutString
 139              	.LVL17:
 140              	.L5:
 141 004e FEE7     		b	.L5
 142              	.L7:
 143              		.align	2
 144              	.L6:
 145 0050 00000000 		.word	.LC0
 146 0054 20000000 		.word	.LC2
 147 0058 24000000 		.word	.LC4
 148              		.cfi_endproc
 149              	.LFE34:
 150              		.size	main, .-main
 151              		.section	.rodata.str1.4,"aMS",%progbits,1
 152              		.align	2
 153              	.LC0:
 154 0000 45737461 		.ascii	"Established Communication \012 \015\000"
 154      626C6973 
 154      68656420 
 154      436F6D6D 
 154      756E6963 
 155 001e 0000     		.space	2
 156              	.LC2:
 157 0020 255800   		.ascii	"%X\000"
 158 0023 00       		.space	1
 159              	.LC4:
 160 0024 0A200D00 		.ascii	"\012 \015\000"
 161              		.text
 162              	.Letext0:
 163              		.file 2 "Generated_Source\\PSoC4/cytypes.h"
 164              		.file 3 "c:\\program files (x86)\\cypress\\psoc creator\\3.2\\psoc creator\\import\\gnu\\arm\\4.8.
 165              		.file 4 "Generated_Source\\PSoC4/UART_1.h"
 166              		.file 5 "Generated_Source\\PSoC4/UART_1_SPI_UART.h"
 167              		.file 6 "c:\\program files (x86)\\cypress\\psoc creator\\3.2\\psoc creator\\import\\gnu\\arm\\4.8.
 168              		.file 7 "<built-in>"
 169              		.section	.debug_info,"",%progbits
 170              	.Ldebug_info0:
 171 0000 45020000 		.4byte	0x245
 172 0004 0400     		.2byte	0x4
 173 0006 00000000 		.4byte	.Ldebug_abbrev0
 174 000a 04       		.byte	0x4
 175 000b 01       		.uleb128 0x1
ARM GAS  C:\Users\Anand\AppData\Local\Temp\ccFdFoXM.s 			page 5


 176 000c C3000000 		.4byte	.LASF15
 177 0010 01       		.byte	0x1
 178 0011 7A000000 		.4byte	.LASF16
 179 0015 5B010000 		.4byte	.LASF17
 180 0019 00000000 		.4byte	.Ldebug_ranges0+0
 181 001d 00000000 		.4byte	0
 182 0021 00000000 		.4byte	.Ldebug_line0
 183 0025 02       		.uleb128 0x2
 184 0026 01       		.byte	0x1
 185 0027 06       		.byte	0x6
 186 0028 C3010000 		.4byte	.LASF0
 187 002c 02       		.uleb128 0x2
 188 002d 01       		.byte	0x1
 189 002e 08       		.byte	0x8
 190 002f 41000000 		.4byte	.LASF1
 191 0033 02       		.uleb128 0x2
 192 0034 02       		.byte	0x2
 193 0035 05       		.byte	0x5
 194 0036 B0010000 		.4byte	.LASF2
 195 003a 02       		.uleb128 0x2
 196 003b 02       		.byte	0x2
 197 003c 07       		.byte	0x7
 198 003d 67000000 		.4byte	.LASF3
 199 0041 02       		.uleb128 0x2
 200 0042 04       		.byte	0x4
 201 0043 05       		.byte	0x5
 202 0044 BA010000 		.4byte	.LASF4
 203 0048 02       		.uleb128 0x2
 204 0049 04       		.byte	0x4
 205 004a 07       		.byte	0x7
 206 004b 55000000 		.4byte	.LASF5
 207 004f 02       		.uleb128 0x2
 208 0050 08       		.byte	0x8
 209 0051 05       		.byte	0x5
 210 0052 48010000 		.4byte	.LASF6
 211 0056 02       		.uleb128 0x2
 212 0057 08       		.byte	0x8
 213 0058 07       		.byte	0x7
 214 0059 AC000000 		.4byte	.LASF7
 215 005d 03       		.uleb128 0x3
 216 005e 04       		.byte	0x4
 217 005f 05       		.byte	0x5
 218 0060 696E7400 		.ascii	"int\000"
 219 0064 02       		.uleb128 0x2
 220 0065 04       		.byte	0x4
 221 0066 07       		.byte	0x7
 222 0067 22000000 		.4byte	.LASF8
 223 006b 02       		.uleb128 0x2
 224 006c 04       		.byte	0x4
 225 006d 04       		.byte	0x4
 226 006e 3B000000 		.4byte	.LASF9
 227 0072 02       		.uleb128 0x2
 228 0073 08       		.byte	0x8
 229 0074 04       		.byte	0x4
 230 0075 83000000 		.4byte	.LASF10
 231 0079 04       		.uleb128 0x4
 232 007a 4F000000 		.4byte	.LASF13
ARM GAS  C:\Users\Anand\AppData\Local\Temp\ccFdFoXM.s 			page 6


 233 007e 02       		.byte	0x2
 234 007f C4       		.byte	0xc4
 235 0080 84000000 		.4byte	0x84
 236 0084 02       		.uleb128 0x2
 237 0085 01       		.byte	0x1
 238 0086 08       		.byte	0x8
 239 0087 56010000 		.4byte	.LASF11
 240 008b 02       		.uleb128 0x2
 241 008c 04       		.byte	0x4
 242 008d 07       		.byte	0x7
 243 008e 3F010000 		.4byte	.LASF12
 244 0092 05       		.uleb128 0x5
 245 0093 04       		.byte	0x4
 246 0094 06       		.uleb128 0x6
 247 0095 04       		.byte	0x4
 248 0096 84000000 		.4byte	0x84
 249 009a 06       		.uleb128 0x6
 250 009b 04       		.byte	0x4
 251 009c A0000000 		.4byte	0xa0
 252 00a0 07       		.uleb128 0x7
 253 00a1 84000000 		.4byte	0x84
 254 00a5 04       		.uleb128 0x4
 255 00a6 A0000000 		.4byte	.LASF14
 256 00aa 03       		.byte	0x3
 257 00ab 70       		.byte	0x70
 258 00ac 64000000 		.4byte	0x64
 259 00b0 06       		.uleb128 0x6
 260 00b1 04       		.byte	0x4
 261 00b2 B6000000 		.4byte	0xb6
 262 00b6 08       		.uleb128 0x8
 263 00b7 09       		.uleb128 0x9
 264 00b8 2F000000 		.4byte	.LASF18
 265 00bc 01       		.byte	0x1
 266 00bd 08       		.byte	0x8
 267 00be A5000000 		.4byte	0xa5
 268 00c2 00000000 		.4byte	.LFB33
 269 00c6 1E000000 		.4byte	.LFE33-.LFB33
 270 00ca 01       		.uleb128 0x1
 271 00cb 9C       		.byte	0x9c
 272 00cc F6000000 		.4byte	0xf6
 273 00d0 0A       		.uleb128 0xa
 274 00d1 7600     		.ascii	"v\000"
 275 00d3 01       		.byte	0x1
 276 00d4 08       		.byte	0x8
 277 00d5 A5000000 		.4byte	0xa5
 278 00d9 00000000 		.4byte	.LLST0
 279 00dd 0B       		.uleb128 0xb
 280 00de 7200     		.ascii	"r\000"
 281 00e0 01       		.byte	0x1
 282 00e1 0A       		.byte	0xa
 283 00e2 64000000 		.4byte	0x64
 284 00e6 01       		.uleb128 0x1
 285 00e7 50       		.byte	0x50
 286 00e8 0C       		.uleb128 0xc
 287 00e9 7300     		.ascii	"s\000"
 288 00eb 01       		.byte	0x1
 289 00ec 0B       		.byte	0xb
ARM GAS  C:\Users\Anand\AppData\Local\Temp\ccFdFoXM.s 			page 7


 290 00ed 5D000000 		.4byte	0x5d
 291 00f1 1E000000 		.4byte	.LLST1
 292 00f5 00       		.byte	0
 293 00f6 0D       		.uleb128 0xd
 294 00f7 9B000000 		.4byte	.LASF19
 295 00fb 01       		.byte	0x1
 296 00fc 18       		.byte	0x18
 297 00fd 5D000000 		.4byte	0x5d
 298 0101 00000000 		.4byte	.LFB34
 299 0105 5C000000 		.4byte	.LFE34-.LFB34
 300 0109 01       		.uleb128 0x1
 301 010a 9C       		.byte	0x9c
 302 010b C7010000 		.4byte	0x1c7
 303 010f 0B       		.uleb128 0xb
 304 0110 62756600 		.ascii	"buf\000"
 305 0114 01       		.byte	0x1
 306 0115 1B       		.byte	0x1b
 307 0116 C7010000 		.4byte	0x1c7
 308 011a 03       		.uleb128 0x3
 309 011b 91       		.byte	0x91
 310 011c B07F     		.sleb128 -80
 311 011e 0E       		.uleb128 0xe
 312 011f 763400   		.ascii	"v4\000"
 313 0122 01       		.byte	0x1
 314 0123 25       		.byte	0x25
 315 0124 A5000000 		.4byte	0xa5
 316 0128 56       		.byte	0x56
 317 0129 0C       		.uleb128 0xc
 318 012a 76763400 		.ascii	"vv4\000"
 319 012e 01       		.byte	0x1
 320 012f 26       		.byte	0x26
 321 0130 A5000000 		.4byte	0xa5
 322 0134 3D000000 		.4byte	.LLST2
 323 0138 0F       		.uleb128 0xf
 324 0139 0A000000 		.4byte	.LVL9
 325 013d D7010000 		.4byte	0x1d7
 326 0141 10       		.uleb128 0x10
 327 0142 28000000 		.4byte	.LVL10
 328 0146 DE010000 		.4byte	0x1de
 329 014a 55010000 		.4byte	0x155
 330 014e 11       		.uleb128 0x11
 331 014f 01       		.uleb128 0x1
 332 0150 50       		.byte	0x50
 333 0151 02       		.uleb128 0x2
 334 0152 74       		.byte	0x74
 335 0153 00       		.sleb128 0
 336 0154 00       		.byte	0
 337 0155 10       		.uleb128 0x10
 338 0156 2E000000 		.4byte	.LVL11
 339 015a B7000000 		.4byte	0xb7
 340 015e 69010000 		.4byte	0x169
 341 0162 11       		.uleb128 0x11
 342 0163 01       		.uleb128 0x1
 343 0164 50       		.byte	0x50
 344 0165 02       		.uleb128 0x2
 345 0166 08       		.byte	0x8
 346 0167 56       		.byte	0x56
ARM GAS  C:\Users\Anand\AppData\Local\Temp\ccFdFoXM.s 			page 8


 347 0168 00       		.byte	0
 348 0169 10       		.uleb128 0x10
 349 016a 38000000 		.4byte	.LVL14
 350 016e FB010000 		.4byte	0x1fb
 351 0172 86010000 		.4byte	0x186
 352 0176 11       		.uleb128 0x11
 353 0177 01       		.uleb128 0x1
 354 0178 51       		.byte	0x51
 355 0179 05       		.uleb128 0x5
 356 017a 03       		.byte	0x3
 357 017b 20000000 		.4byte	.LC2
 358 017f 11       		.uleb128 0x11
 359 0180 01       		.uleb128 0x1
 360 0181 50       		.byte	0x50
 361 0182 02       		.uleb128 0x2
 362 0183 74       		.byte	0x74
 363 0184 00       		.sleb128 0
 364 0185 00       		.byte	0
 365 0186 10       		.uleb128 0x10
 366 0187 3E000000 		.4byte	.LVL15
 367 018b 16020000 		.4byte	0x216
 368 018f 9A010000 		.4byte	0x19a
 369 0193 11       		.uleb128 0x11
 370 0194 01       		.uleb128 0x1
 371 0195 50       		.byte	0x50
 372 0196 02       		.uleb128 0x2
 373 0197 74       		.byte	0x74
 374 0198 00       		.sleb128 0
 375 0199 00       		.byte	0
 376 019a 10       		.uleb128 0x10
 377 019b 48000000 		.4byte	.LVL16
 378 019f 2F020000 		.4byte	0x22f
 379 01a3 B6010000 		.4byte	0x1b6
 380 01a7 11       		.uleb128 0x11
 381 01a8 01       		.uleb128 0x1
 382 01a9 52       		.byte	0x52
 383 01aa 01       		.uleb128 0x1
 384 01ab 34       		.byte	0x34
 385 01ac 11       		.uleb128 0x11
 386 01ad 01       		.uleb128 0x1
 387 01ae 51       		.byte	0x51
 388 01af 05       		.uleb128 0x5
 389 01b0 03       		.byte	0x3
 390 01b1 24000000 		.4byte	.LC4
 391 01b5 00       		.byte	0
 392 01b6 12       		.uleb128 0x12
 393 01b7 4E000000 		.4byte	.LVL17
 394 01bb DE010000 		.4byte	0x1de
 395 01bf 11       		.uleb128 0x11
 396 01c0 01       		.uleb128 0x1
 397 01c1 50       		.byte	0x50
 398 01c2 02       		.uleb128 0x2
 399 01c3 74       		.byte	0x74
 400 01c4 00       		.sleb128 0
 401 01c5 00       		.byte	0
 402 01c6 00       		.byte	0
 403 01c7 13       		.uleb128 0x13
ARM GAS  C:\Users\Anand\AppData\Local\Temp\ccFdFoXM.s 			page 9


 404 01c8 84000000 		.4byte	0x84
 405 01cc D7010000 		.4byte	0x1d7
 406 01d0 14       		.uleb128 0x14
 407 01d1 8B000000 		.4byte	0x8b
 408 01d5 3F       		.byte	0x3f
 409 01d6 00       		.byte	0
 410 01d7 15       		.uleb128 0x15
 411 01d8 00000000 		.4byte	.LASF20
 412 01dc 04       		.byte	0x4
 413 01dd 68       		.byte	0x68
 414 01de 16       		.uleb128 0x16
 415 01df 0D000000 		.4byte	.LASF21
 416 01e3 05       		.byte	0x5
 417 01e4 7701     		.2byte	0x177
 418 01e6 F0010000 		.4byte	0x1f0
 419 01ea 17       		.uleb128 0x17
 420 01eb F0010000 		.4byte	0x1f0
 421 01ef 00       		.byte	0
 422 01f0 06       		.uleb128 0x6
 423 01f1 04       		.byte	0x4
 424 01f2 F6010000 		.4byte	0x1f6
 425 01f6 07       		.uleb128 0x7
 426 01f7 79000000 		.4byte	0x79
 427 01fb 18       		.uleb128 0x18
 428 01fc CF010000 		.4byte	.LASF22
 429 0200 06       		.byte	0x6
 430 0201 D9       		.byte	0xd9
 431 0202 5D000000 		.4byte	0x5d
 432 0206 16020000 		.4byte	0x216
 433 020a 17       		.uleb128 0x17
 434 020b 94000000 		.4byte	0x94
 435 020f 17       		.uleb128 0x17
 436 0210 9A000000 		.4byte	0x9a
 437 0214 19       		.uleb128 0x19
 438 0215 00       		.byte	0
 439 0216 1A       		.uleb128 0x1a
 440 0217 8A000000 		.4byte	.LASF23
 441 021b 07       		.byte	0x7
 442 021c 00       		.byte	0
 443 021d A5000000 		.4byte	.LASF24
 444 0221 64000000 		.4byte	0x64
 445 0225 2F020000 		.4byte	0x22f
 446 0229 17       		.uleb128 0x17
 447 022a 9A000000 		.4byte	0x9a
 448 022e 00       		.byte	0
 449 022f 1B       		.uleb128 0x1b
 450 0230 A9010000 		.4byte	.LASF25
 451 0234 92000000 		.4byte	0x92
 452 0238 17       		.uleb128 0x17
 453 0239 92000000 		.4byte	0x92
 454 023d 17       		.uleb128 0x17
 455 023e B0000000 		.4byte	0xb0
 456 0242 17       		.uleb128 0x17
 457 0243 8B000000 		.4byte	0x8b
 458 0247 00       		.byte	0
 459 0248 00       		.byte	0
 460              		.section	.debug_abbrev,"",%progbits
ARM GAS  C:\Users\Anand\AppData\Local\Temp\ccFdFoXM.s 			page 10


 461              	.Ldebug_abbrev0:
 462 0000 01       		.uleb128 0x1
 463 0001 11       		.uleb128 0x11
 464 0002 01       		.byte	0x1
 465 0003 25       		.uleb128 0x25
 466 0004 0E       		.uleb128 0xe
 467 0005 13       		.uleb128 0x13
 468 0006 0B       		.uleb128 0xb
 469 0007 03       		.uleb128 0x3
 470 0008 0E       		.uleb128 0xe
 471 0009 1B       		.uleb128 0x1b
 472 000a 0E       		.uleb128 0xe
 473 000b 55       		.uleb128 0x55
 474 000c 17       		.uleb128 0x17
 475 000d 11       		.uleb128 0x11
 476 000e 01       		.uleb128 0x1
 477 000f 10       		.uleb128 0x10
 478 0010 17       		.uleb128 0x17
 479 0011 00       		.byte	0
 480 0012 00       		.byte	0
 481 0013 02       		.uleb128 0x2
 482 0014 24       		.uleb128 0x24
 483 0015 00       		.byte	0
 484 0016 0B       		.uleb128 0xb
 485 0017 0B       		.uleb128 0xb
 486 0018 3E       		.uleb128 0x3e
 487 0019 0B       		.uleb128 0xb
 488 001a 03       		.uleb128 0x3
 489 001b 0E       		.uleb128 0xe
 490 001c 00       		.byte	0
 491 001d 00       		.byte	0
 492 001e 03       		.uleb128 0x3
 493 001f 24       		.uleb128 0x24
 494 0020 00       		.byte	0
 495 0021 0B       		.uleb128 0xb
 496 0022 0B       		.uleb128 0xb
 497 0023 3E       		.uleb128 0x3e
 498 0024 0B       		.uleb128 0xb
 499 0025 03       		.uleb128 0x3
 500 0026 08       		.uleb128 0x8
 501 0027 00       		.byte	0
 502 0028 00       		.byte	0
 503 0029 04       		.uleb128 0x4
 504 002a 16       		.uleb128 0x16
 505 002b 00       		.byte	0
 506 002c 03       		.uleb128 0x3
 507 002d 0E       		.uleb128 0xe
 508 002e 3A       		.uleb128 0x3a
 509 002f 0B       		.uleb128 0xb
 510 0030 3B       		.uleb128 0x3b
 511 0031 0B       		.uleb128 0xb
 512 0032 49       		.uleb128 0x49
 513 0033 13       		.uleb128 0x13
 514 0034 00       		.byte	0
 515 0035 00       		.byte	0
 516 0036 05       		.uleb128 0x5
 517 0037 0F       		.uleb128 0xf
ARM GAS  C:\Users\Anand\AppData\Local\Temp\ccFdFoXM.s 			page 11


 518 0038 00       		.byte	0
 519 0039 0B       		.uleb128 0xb
 520 003a 0B       		.uleb128 0xb
 521 003b 00       		.byte	0
 522 003c 00       		.byte	0
 523 003d 06       		.uleb128 0x6
 524 003e 0F       		.uleb128 0xf
 525 003f 00       		.byte	0
 526 0040 0B       		.uleb128 0xb
 527 0041 0B       		.uleb128 0xb
 528 0042 49       		.uleb128 0x49
 529 0043 13       		.uleb128 0x13
 530 0044 00       		.byte	0
 531 0045 00       		.byte	0
 532 0046 07       		.uleb128 0x7
 533 0047 26       		.uleb128 0x26
 534 0048 00       		.byte	0
 535 0049 49       		.uleb128 0x49
 536 004a 13       		.uleb128 0x13
 537 004b 00       		.byte	0
 538 004c 00       		.byte	0
 539 004d 08       		.uleb128 0x8
 540 004e 26       		.uleb128 0x26
 541 004f 00       		.byte	0
 542 0050 00       		.byte	0
 543 0051 00       		.byte	0
 544 0052 09       		.uleb128 0x9
 545 0053 2E       		.uleb128 0x2e
 546 0054 01       		.byte	0x1
 547 0055 3F       		.uleb128 0x3f
 548 0056 19       		.uleb128 0x19
 549 0057 03       		.uleb128 0x3
 550 0058 0E       		.uleb128 0xe
 551 0059 3A       		.uleb128 0x3a
 552 005a 0B       		.uleb128 0xb
 553 005b 3B       		.uleb128 0x3b
 554 005c 0B       		.uleb128 0xb
 555 005d 27       		.uleb128 0x27
 556 005e 19       		.uleb128 0x19
 557 005f 49       		.uleb128 0x49
 558 0060 13       		.uleb128 0x13
 559 0061 11       		.uleb128 0x11
 560 0062 01       		.uleb128 0x1
 561 0063 12       		.uleb128 0x12
 562 0064 06       		.uleb128 0x6
 563 0065 40       		.uleb128 0x40
 564 0066 18       		.uleb128 0x18
 565 0067 9742     		.uleb128 0x2117
 566 0069 19       		.uleb128 0x19
 567 006a 01       		.uleb128 0x1
 568 006b 13       		.uleb128 0x13
 569 006c 00       		.byte	0
 570 006d 00       		.byte	0
 571 006e 0A       		.uleb128 0xa
 572 006f 05       		.uleb128 0x5
 573 0070 00       		.byte	0
 574 0071 03       		.uleb128 0x3
ARM GAS  C:\Users\Anand\AppData\Local\Temp\ccFdFoXM.s 			page 12


 575 0072 08       		.uleb128 0x8
 576 0073 3A       		.uleb128 0x3a
 577 0074 0B       		.uleb128 0xb
 578 0075 3B       		.uleb128 0x3b
 579 0076 0B       		.uleb128 0xb
 580 0077 49       		.uleb128 0x49
 581 0078 13       		.uleb128 0x13
 582 0079 02       		.uleb128 0x2
 583 007a 17       		.uleb128 0x17
 584 007b 00       		.byte	0
 585 007c 00       		.byte	0
 586 007d 0B       		.uleb128 0xb
 587 007e 34       		.uleb128 0x34
 588 007f 00       		.byte	0
 589 0080 03       		.uleb128 0x3
 590 0081 08       		.uleb128 0x8
 591 0082 3A       		.uleb128 0x3a
 592 0083 0B       		.uleb128 0xb
 593 0084 3B       		.uleb128 0x3b
 594 0085 0B       		.uleb128 0xb
 595 0086 49       		.uleb128 0x49
 596 0087 13       		.uleb128 0x13
 597 0088 02       		.uleb128 0x2
 598 0089 18       		.uleb128 0x18
 599 008a 00       		.byte	0
 600 008b 00       		.byte	0
 601 008c 0C       		.uleb128 0xc
 602 008d 34       		.uleb128 0x34
 603 008e 00       		.byte	0
 604 008f 03       		.uleb128 0x3
 605 0090 08       		.uleb128 0x8
 606 0091 3A       		.uleb128 0x3a
 607 0092 0B       		.uleb128 0xb
 608 0093 3B       		.uleb128 0x3b
 609 0094 0B       		.uleb128 0xb
 610 0095 49       		.uleb128 0x49
 611 0096 13       		.uleb128 0x13
 612 0097 02       		.uleb128 0x2
 613 0098 17       		.uleb128 0x17
 614 0099 00       		.byte	0
 615 009a 00       		.byte	0
 616 009b 0D       		.uleb128 0xd
 617 009c 2E       		.uleb128 0x2e
 618 009d 01       		.byte	0x1
 619 009e 3F       		.uleb128 0x3f
 620 009f 19       		.uleb128 0x19
 621 00a0 03       		.uleb128 0x3
 622 00a1 0E       		.uleb128 0xe
 623 00a2 3A       		.uleb128 0x3a
 624 00a3 0B       		.uleb128 0xb
 625 00a4 3B       		.uleb128 0x3b
 626 00a5 0B       		.uleb128 0xb
 627 00a6 49       		.uleb128 0x49
 628 00a7 13       		.uleb128 0x13
 629 00a8 11       		.uleb128 0x11
 630 00a9 01       		.uleb128 0x1
 631 00aa 12       		.uleb128 0x12
ARM GAS  C:\Users\Anand\AppData\Local\Temp\ccFdFoXM.s 			page 13


 632 00ab 06       		.uleb128 0x6
 633 00ac 40       		.uleb128 0x40
 634 00ad 18       		.uleb128 0x18
 635 00ae 9742     		.uleb128 0x2117
 636 00b0 19       		.uleb128 0x19
 637 00b1 01       		.uleb128 0x1
 638 00b2 13       		.uleb128 0x13
 639 00b3 00       		.byte	0
 640 00b4 00       		.byte	0
 641 00b5 0E       		.uleb128 0xe
 642 00b6 34       		.uleb128 0x34
 643 00b7 00       		.byte	0
 644 00b8 03       		.uleb128 0x3
 645 00b9 08       		.uleb128 0x8
 646 00ba 3A       		.uleb128 0x3a
 647 00bb 0B       		.uleb128 0xb
 648 00bc 3B       		.uleb128 0x3b
 649 00bd 0B       		.uleb128 0xb
 650 00be 49       		.uleb128 0x49
 651 00bf 13       		.uleb128 0x13
 652 00c0 1C       		.uleb128 0x1c
 653 00c1 0B       		.uleb128 0xb
 654 00c2 00       		.byte	0
 655 00c3 00       		.byte	0
 656 00c4 0F       		.uleb128 0xf
 657 00c5 898201   		.uleb128 0x4109
 658 00c8 00       		.byte	0
 659 00c9 11       		.uleb128 0x11
 660 00ca 01       		.uleb128 0x1
 661 00cb 31       		.uleb128 0x31
 662 00cc 13       		.uleb128 0x13
 663 00cd 00       		.byte	0
 664 00ce 00       		.byte	0
 665 00cf 10       		.uleb128 0x10
 666 00d0 898201   		.uleb128 0x4109
 667 00d3 01       		.byte	0x1
 668 00d4 11       		.uleb128 0x11
 669 00d5 01       		.uleb128 0x1
 670 00d6 31       		.uleb128 0x31
 671 00d7 13       		.uleb128 0x13
 672 00d8 01       		.uleb128 0x1
 673 00d9 13       		.uleb128 0x13
 674 00da 00       		.byte	0
 675 00db 00       		.byte	0
 676 00dc 11       		.uleb128 0x11
 677 00dd 8A8201   		.uleb128 0x410a
 678 00e0 00       		.byte	0
 679 00e1 02       		.uleb128 0x2
 680 00e2 18       		.uleb128 0x18
 681 00e3 9142     		.uleb128 0x2111
 682 00e5 18       		.uleb128 0x18
 683 00e6 00       		.byte	0
 684 00e7 00       		.byte	0
 685 00e8 12       		.uleb128 0x12
 686 00e9 898201   		.uleb128 0x4109
 687 00ec 01       		.byte	0x1
 688 00ed 11       		.uleb128 0x11
ARM GAS  C:\Users\Anand\AppData\Local\Temp\ccFdFoXM.s 			page 14


 689 00ee 01       		.uleb128 0x1
 690 00ef 31       		.uleb128 0x31
 691 00f0 13       		.uleb128 0x13
 692 00f1 00       		.byte	0
 693 00f2 00       		.byte	0
 694 00f3 13       		.uleb128 0x13
 695 00f4 01       		.uleb128 0x1
 696 00f5 01       		.byte	0x1
 697 00f6 49       		.uleb128 0x49
 698 00f7 13       		.uleb128 0x13
 699 00f8 01       		.uleb128 0x1
 700 00f9 13       		.uleb128 0x13
 701 00fa 00       		.byte	0
 702 00fb 00       		.byte	0
 703 00fc 14       		.uleb128 0x14
 704 00fd 21       		.uleb128 0x21
 705 00fe 00       		.byte	0
 706 00ff 49       		.uleb128 0x49
 707 0100 13       		.uleb128 0x13
 708 0101 2F       		.uleb128 0x2f
 709 0102 0B       		.uleb128 0xb
 710 0103 00       		.byte	0
 711 0104 00       		.byte	0
 712 0105 15       		.uleb128 0x15
 713 0106 2E       		.uleb128 0x2e
 714 0107 00       		.byte	0
 715 0108 3F       		.uleb128 0x3f
 716 0109 19       		.uleb128 0x19
 717 010a 03       		.uleb128 0x3
 718 010b 0E       		.uleb128 0xe
 719 010c 3A       		.uleb128 0x3a
 720 010d 0B       		.uleb128 0xb
 721 010e 3B       		.uleb128 0x3b
 722 010f 0B       		.uleb128 0xb
 723 0110 27       		.uleb128 0x27
 724 0111 19       		.uleb128 0x19
 725 0112 3C       		.uleb128 0x3c
 726 0113 19       		.uleb128 0x19
 727 0114 00       		.byte	0
 728 0115 00       		.byte	0
 729 0116 16       		.uleb128 0x16
 730 0117 2E       		.uleb128 0x2e
 731 0118 01       		.byte	0x1
 732 0119 3F       		.uleb128 0x3f
 733 011a 19       		.uleb128 0x19
 734 011b 03       		.uleb128 0x3
 735 011c 0E       		.uleb128 0xe
 736 011d 3A       		.uleb128 0x3a
 737 011e 0B       		.uleb128 0xb
 738 011f 3B       		.uleb128 0x3b
 739 0120 05       		.uleb128 0x5
 740 0121 27       		.uleb128 0x27
 741 0122 19       		.uleb128 0x19
 742 0123 3C       		.uleb128 0x3c
 743 0124 19       		.uleb128 0x19
 744 0125 01       		.uleb128 0x1
 745 0126 13       		.uleb128 0x13
ARM GAS  C:\Users\Anand\AppData\Local\Temp\ccFdFoXM.s 			page 15


 746 0127 00       		.byte	0
 747 0128 00       		.byte	0
 748 0129 17       		.uleb128 0x17
 749 012a 05       		.uleb128 0x5
 750 012b 00       		.byte	0
 751 012c 49       		.uleb128 0x49
 752 012d 13       		.uleb128 0x13
 753 012e 00       		.byte	0
 754 012f 00       		.byte	0
 755 0130 18       		.uleb128 0x18
 756 0131 2E       		.uleb128 0x2e
 757 0132 01       		.byte	0x1
 758 0133 3F       		.uleb128 0x3f
 759 0134 19       		.uleb128 0x19
 760 0135 03       		.uleb128 0x3
 761 0136 0E       		.uleb128 0xe
 762 0137 3A       		.uleb128 0x3a
 763 0138 0B       		.uleb128 0xb
 764 0139 3B       		.uleb128 0x3b
 765 013a 0B       		.uleb128 0xb
 766 013b 27       		.uleb128 0x27
 767 013c 19       		.uleb128 0x19
 768 013d 49       		.uleb128 0x49
 769 013e 13       		.uleb128 0x13
 770 013f 3C       		.uleb128 0x3c
 771 0140 19       		.uleb128 0x19
 772 0141 01       		.uleb128 0x1
 773 0142 13       		.uleb128 0x13
 774 0143 00       		.byte	0
 775 0144 00       		.byte	0
 776 0145 19       		.uleb128 0x19
 777 0146 18       		.uleb128 0x18
 778 0147 00       		.byte	0
 779 0148 00       		.byte	0
 780 0149 00       		.byte	0
 781 014a 1A       		.uleb128 0x1a
 782 014b 2E       		.uleb128 0x2e
 783 014c 01       		.byte	0x1
 784 014d 3F       		.uleb128 0x3f
 785 014e 19       		.uleb128 0x19
 786 014f 03       		.uleb128 0x3
 787 0150 0E       		.uleb128 0xe
 788 0151 3A       		.uleb128 0x3a
 789 0152 0B       		.uleb128 0xb
 790 0153 3B       		.uleb128 0x3b
 791 0154 0B       		.uleb128 0xb
 792 0155 6E       		.uleb128 0x6e
 793 0156 0E       		.uleb128 0xe
 794 0157 27       		.uleb128 0x27
 795 0158 19       		.uleb128 0x19
 796 0159 49       		.uleb128 0x49
 797 015a 13       		.uleb128 0x13
 798 015b 3C       		.uleb128 0x3c
 799 015c 19       		.uleb128 0x19
 800 015d 01       		.uleb128 0x1
 801 015e 13       		.uleb128 0x13
 802 015f 00       		.byte	0
ARM GAS  C:\Users\Anand\AppData\Local\Temp\ccFdFoXM.s 			page 16


 803 0160 00       		.byte	0
 804 0161 1B       		.uleb128 0x1b
 805 0162 2E       		.uleb128 0x2e
 806 0163 01       		.byte	0x1
 807 0164 3F       		.uleb128 0x3f
 808 0165 19       		.uleb128 0x19
 809 0166 03       		.uleb128 0x3
 810 0167 0E       		.uleb128 0xe
 811 0168 27       		.uleb128 0x27
 812 0169 19       		.uleb128 0x19
 813 016a 49       		.uleb128 0x49
 814 016b 13       		.uleb128 0x13
 815 016c 34       		.uleb128 0x34
 816 016d 19       		.uleb128 0x19
 817 016e 3C       		.uleb128 0x3c
 818 016f 19       		.uleb128 0x19
 819 0170 00       		.byte	0
 820 0171 00       		.byte	0
 821 0172 00       		.byte	0
 822              		.section	.debug_loc,"",%progbits
 823              	.Ldebug_loc0:
 824              	.LLST0:
 825 0000 00000000 		.4byte	.LVL0
 826 0004 04000000 		.4byte	.LVL2
 827 0008 0100     		.2byte	0x1
 828 000a 50       		.byte	0x50
 829 000b 04000000 		.4byte	.LVL2
 830 000f 1E000000 		.4byte	.LFE33
 831 0013 0100     		.2byte	0x1
 832 0015 53       		.byte	0x53
 833 0016 00000000 		.4byte	0
 834 001a 00000000 		.4byte	0
 835              	.LLST1:
 836 001e 02000000 		.4byte	.LVL1
 837 0022 0A000000 		.4byte	.LVL3
 838 0026 0200     		.2byte	0x2
 839 0028 4F       		.byte	0x4f
 840 0029 9F       		.byte	0x9f
 841 002a 0A000000 		.4byte	.LVL3
 842 002e 1E000000 		.4byte	.LFE33
 843 0032 0100     		.2byte	0x1
 844 0034 52       		.byte	0x52
 845 0035 00000000 		.4byte	0
 846 0039 00000000 		.4byte	0
 847              	.LLST2:
 848 003d 30000000 		.4byte	.LVL12
 849 0041 32000000 		.4byte	.LVL13
 850 0045 0100     		.2byte	0x1
 851 0047 50       		.byte	0x50
 852 0048 32000000 		.4byte	.LVL13
 853 004c 37000000 		.4byte	.LVL14-1
 854 0050 0100     		.2byte	0x1
 855 0052 52       		.byte	0x52
 856 0053 00000000 		.4byte	0
 857 0057 00000000 		.4byte	0
 858              		.section	.debug_aranges,"",%progbits
 859 0000 24000000 		.4byte	0x24
ARM GAS  C:\Users\Anand\AppData\Local\Temp\ccFdFoXM.s 			page 17


 860 0004 0200     		.2byte	0x2
 861 0006 00000000 		.4byte	.Ldebug_info0
 862 000a 04       		.byte	0x4
 863 000b 00       		.byte	0
 864 000c 0000     		.2byte	0
 865 000e 0000     		.2byte	0
 866 0010 00000000 		.4byte	.LFB33
 867 0014 1E000000 		.4byte	.LFE33-.LFB33
 868 0018 00000000 		.4byte	.LFB34
 869 001c 5C000000 		.4byte	.LFE34-.LFB34
 870 0020 00000000 		.4byte	0
 871 0024 00000000 		.4byte	0
 872              		.section	.debug_ranges,"",%progbits
 873              	.Ldebug_ranges0:
 874 0000 00000000 		.4byte	.LFB33
 875 0004 1E000000 		.4byte	.LFE33
 876 0008 00000000 		.4byte	.LFB34
 877 000c 5C000000 		.4byte	.LFE34
 878 0010 00000000 		.4byte	0
 879 0014 00000000 		.4byte	0
 880              		.section	.debug_line,"",%progbits
 881              	.Ldebug_line0:
 882 0000 A7010000 		.section	.debug_str,"MS",%progbits,1
 882      02005C01 
 882      00000201 
 882      FB0E0D00 
 882      01010101 
 883              	.LASF20:
 884 0000 55415254 		.ascii	"UART_1_Start\000"
 884      5F315F53 
 884      74617274 
 884      00
 885              	.LASF21:
 886 000d 55415254 		.ascii	"UART_1_UartPutString\000"
 886      5F315F55 
 886      61727450 
 886      75745374 
 886      72696E67 
 887              	.LASF8:
 888 0022 756E7369 		.ascii	"unsigned int\000"
 888      676E6564 
 888      20696E74 
 888      00
 889              	.LASF18:
 890 002f 72657665 		.ascii	"reverseBits\000"
 890      72736542 
 890      69747300 
 891              	.LASF9:
 892 003b 666C6F61 		.ascii	"float\000"
 892      7400
 893              	.LASF1:
 894 0041 756E7369 		.ascii	"unsigned char\000"
 894      676E6564 
 894      20636861 
 894      7200
 895              	.LASF13:
 896 004f 63686172 		.ascii	"char8\000"
ARM GAS  C:\Users\Anand\AppData\Local\Temp\ccFdFoXM.s 			page 18


 896      3800
 897              	.LASF5:
 898 0055 6C6F6E67 		.ascii	"long unsigned int\000"
 898      20756E73 
 898      69676E65 
 898      6420696E 
 898      7400
 899              	.LASF3:
 900 0067 73686F72 		.ascii	"short unsigned int\000"
 900      7420756E 
 900      7369676E 
 900      65642069 
 900      6E7400
 901              	.LASF16:
 902 007a 2E5C6D61 		.ascii	".\\main.c\000"
 902      696E2E63 
 902      00
 903              	.LASF10:
 904 0083 646F7562 		.ascii	"double\000"
 904      6C6500
 905              	.LASF23:
 906 008a 5F5F6275 		.ascii	"__builtin_strlen\000"
 906      696C7469 
 906      6E5F7374 
 906      726C656E 
 906      00
 907              	.LASF19:
 908 009b 6D61696E 		.ascii	"main\000"
 908      00
 909              	.LASF14:
 910 00a0 75696E74 		.ascii	"uint\000"
 910      00
 911              	.LASF24:
 912 00a5 7374726C 		.ascii	"strlen\000"
 912      656E00
 913              	.LASF7:
 914 00ac 6C6F6E67 		.ascii	"long long unsigned int\000"
 914      206C6F6E 
 914      6720756E 
 914      7369676E 
 914      65642069 
 915              	.LASF15:
 916 00c3 474E5520 		.ascii	"GNU C 4.8.4 20140526 (release) [ARM/embedded-4_8-br"
 916      4320342E 
 916      382E3420 
 916      32303134 
 916      30353236 
 917 00f6 616E6368 		.ascii	"anch revision 211358] -mcpu=cortex-m0 -mthumb -g -O"
 917      20726576 
 917      6973696F 
 917      6E203231 
 917      31333538 
 918 0129 67202D66 		.ascii	"g -ffunction-sections\000"
 918      66756E63 
 918      74696F6E 
 918      2D736563 
 918      74696F6E 
ARM GAS  C:\Users\Anand\AppData\Local\Temp\ccFdFoXM.s 			page 19


 919              	.LASF12:
 920 013f 73697A65 		.ascii	"sizetype\000"
 920      74797065 
 920      00
 921              	.LASF6:
 922 0148 6C6F6E67 		.ascii	"long long int\000"
 922      206C6F6E 
 922      6720696E 
 922      7400
 923              	.LASF11:
 924 0156 63686172 		.ascii	"char\000"
 924      00
 925              	.LASF17:
 926 015b 433A5C55 		.ascii	"C:\\Users\\Anand\\Desktop\\Summer_2015\\ECEC_304\\L"
 926      73657273 
 926      5C416E61 
 926      6E645C44 
 926      65736B74 
 927 0188 61623261 		.ascii	"ab2a\\countBits\\reverseBits.cydsn\000"
 927      5C636F75 
 927      6E744269 
 927      74735C72 
 927      65766572 
 928              	.LASF25:
 929 01a9 6D656D63 		.ascii	"memcpy\000"
 929      707900
 930              	.LASF2:
 931 01b0 73686F72 		.ascii	"short int\000"
 931      7420696E 
 931      7400
 932              	.LASF4:
 933 01ba 6C6F6E67 		.ascii	"long int\000"
 933      20696E74 
 933      00
 934              	.LASF0:
 935 01c3 7369676E 		.ascii	"signed char\000"
 935      65642063 
 935      68617200 
 936              	.LASF22:
 937 01cf 73707269 		.ascii	"sprintf\000"
 937      6E746600 
 938              		.ident	"GCC: (GNU Tools for ARM Embedded Processors) 4.8.4 20140526 (release) [ARM/embedded-4_8-br
