ARM GAS  C:\Users\Anand\AppData\Local\Temp\ccLk8GPj.s 			page 1


   1              		.cpu cortex-m0
   2              		.fpu softvfp
   3              		.eabi_attribute 20, 1
   4              		.eabi_attribute 21, 1
   5              		.eabi_attribute 23, 3
   6              		.eabi_attribute 24, 1
   7              		.eabi_attribute 25, 1
   8              		.eabi_attribute 26, 1
   9              		.eabi_attribute 30, 1
  10              		.eabi_attribute 34, 0
  11              		.eabi_attribute 18, 4
  12              		.code	16
  13              		.file	"main.c"
  14              		.text
  15              	.Ltext0:
  16              		.cfi_sections	.debug_frame
  17              		.section	.text.interleaveBits,"ax",%progbits
  18              		.align	2
  19              		.global	interleaveBits
  20              		.code	16
  21              		.thumb_func
  22              		.type	interleaveBits, %function
  23              	interleaveBits:
  24              	.LFB33:
  25              		.file 1 ".\\main.c"
   1:.\main.c      **** #include <project.h>
   2:.\main.c      **** #include <stdio.h>
   3:.\main.c      **** #include <stdlib.h>
   4:.\main.c      **** 
   5:.\main.c      **** #define MAX_BUFFER_SIZE 64
   6:.\main.c      **** #define MAX_ITERATIONS 100
   7:.\main.c      **** 
   8:.\main.c      **** uint interleaveBits(uint x, uint y){
  26              		.loc 1 8 0
  27              		.cfi_startproc
  28              	.LVL0:
  29 0000 70B5     		push	{r4, r5, r6, lr}
  30              		.cfi_def_cfa_offset 16
  31              		.cfi_offset 4, -16
  32              		.cfi_offset 5, -12
  33              		.cfi_offset 6, -8
  34              		.cfi_offset 14, -4
  35 0002 051C     		mov	r5, r0
  36              	.LVL1:
   9:.\main.c      ****     int z = 0; // z gets the resulting 32-bit Morton Number.
  10:.\main.c      ****     int i = 0;
  11:.\main.c      ****     for (i = 0; i < sizeof(x) * 8; i++){
  37              		.loc 1 11 0
  38 0004 0023     		mov	r3, #0
   9:.\main.c      ****     int z = 0; // z gets the resulting 32-bit Morton Number.
  39              		.loc 1 9 0
  40 0006 0020     		mov	r0, #0
  41              	.LVL2:
  12:.\main.c      ****         z |= (x & 1 << i) << i | (y & 1 << i) << (i + 1);
  42              		.loc 1 12 0
  43 0008 0126     		mov	r6, #1
  11:.\main.c      ****     for (i = 0; i < sizeof(x) * 8; i++){
ARM GAS  C:\Users\Anand\AppData\Local\Temp\ccLk8GPj.s 			page 2


  44              		.loc 1 11 0
  45 000a 09E0     		b	.L2
  46              	.LVL3:
  47              	.L3:
  48              		.loc 1 12 0 discriminator 2
  49 000c 321C     		mov	r2, r6
  50 000e 9A40     		lsl	r2, r2, r3
  51 0010 2C1C     		mov	r4, r5
  52 0012 1440     		and	r4, r2
  53 0014 9C40     		lsl	r4, r4, r3
  54 0016 0A40     		and	r2, r1
  55 0018 0133     		add	r3, r3, #1
  56              	.LVL4:
  57 001a 9A40     		lsl	r2, r2, r3
  58 001c 2243     		orr	r2, r4
  59 001e 1043     		orr	r0, r2
  60              	.LVL5:
  61              	.L2:
  11:.\main.c      ****     for (i = 0; i < sizeof(x) * 8; i++){
  62              		.loc 1 11 0 discriminator 1
  63 0020 1F2B     		cmp	r3, #31
  64 0022 F3D9     		bls	.L3
  13:.\main.c      ****     }
  14:.\main.c      ****     
  15:.\main.c      ****     return z;
  16:.\main.c      **** }
  65              		.loc 1 16 0
  66              		@ sp needed
  67              	.LVL6:
  68 0024 70BD     		pop	{r4, r5, r6, pc}
  69              		.cfi_endproc
  70              	.LFE33:
  71              		.size	interleaveBits, .-interleaveBits
  72 0026 C046     		.section	.text.main,"ax",%progbits
  73              		.align	2
  74              		.global	main
  75              		.code	16
  76              		.thumb_func
  77              		.type	main, %function
  78              	main:
  79              	.LFB34:
  17:.\main.c      **** 
  18:.\main.c      **** int main(){
  80              		.loc 1 18 0
  81              		.cfi_startproc
  82 0000 70B5     		push	{r4, r5, r6, lr}
  83              		.cfi_def_cfa_offset 16
  84              		.cfi_offset 4, -16
  85              		.cfi_offset 5, -12
  86              		.cfi_offset 6, -8
  87              		.cfi_offset 14, -4
  88 0002 90B0     		sub	sp, sp, #64
  89              		.cfi_def_cfa_offset 80
  19:.\main.c      **** 
  20:.\main.c      ****     // allocate buffer size for input
  21:.\main.c      ****     char buf[MAX_BUFFER_SIZE];
  22:.\main.c      ****     CyGlobalIntEnable;      /* Enable global interrupts */
ARM GAS  C:\Users\Anand\AppData\Local\Temp\ccLk8GPj.s 			page 3


  90              		.loc 1 22 0
  91              	@ 22 ".\main.c" 1
  92 0004 62B6     		CPSIE   i
  93              	@ 0 "" 2
  23:.\main.c      ****     
  24:.\main.c      ****     // start UART
  25:.\main.c      ****     UART_1_Start();
  94              		.loc 1 25 0
  95              		.code	16
  96 0006 FFF7FEFF 		bl	UART_1_Start
  97              	.LVL7:
  26:.\main.c      ****     
  27:.\main.c      ****     // print line
  28:.\main.c      ****     strcpy(buf, "Established Communication \n \r");
  98              		.loc 1 28 0
  99 000a 6C46     		mov	r4, sp
 100 000c 1149     		ldr	r1, .L6
 101 000e 6B46     		mov	r3, sp
 102 0010 0A1C     		mov	r2, r1
 103 0012 61CA     		ldmia	r2!, {r0, r5, r6}
 104 0014 61C3     		stmia	r3!, {r0, r5, r6}
 105 0016 23CA     		ldmia	r2!, {r0, r1, r5}
 106 0018 23C3     		stmia	r3!, {r0, r1, r5}
 107 001a 1668     		ldr	r6, [r2]
 108 001c 1E60     		str	r6, [r3]
 109 001e 9288     		ldrh	r2, [r2, #4]
 110 0020 9A80     		strh	r2, [r3, #4]
  29:.\main.c      ****     UART_1_UartPutString(buf);
 111              		.loc 1 29 0
 112 0022 6846     		mov	r0, sp
 113 0024 FFF7FEFF 		bl	UART_1_UartPutString
 114              	.LVL8:
  30:.\main.c      ****     
  31:.\main.c      ****     uint x = 0x55;
  32:.\main.c      ****     uint y = 0xaa;
  33:.\main.c      ****     uint z = interleaveBits(x, y);
 115              		.loc 1 33 0
 116 0028 5520     		mov	r0, #85
 117 002a AA21     		mov	r1, #170
 118 002c FFF7FEFF 		bl	interleaveBits
 119              	.LVL9:
 120 0030 021C     		mov	r2, r0
 121              	.LVL10:
  34:.\main.c      ****     
  35:.\main.c      ****     // print result
  36:.\main.c      ****     // integer to string to be printed
  37:.\main.c      ****     sprintf(buf, "%X", z);
 122              		.loc 1 37 0
 123 0032 6846     		mov	r0, sp
 124              	.LVL11:
 125 0034 0849     		ldr	r1, .L6+4
 126 0036 FFF7FEFF 		bl	sprintf
 127              	.LVL12:
  38:.\main.c      ****     strcat(buf, "\n \r");
 128              		.loc 1 38 0
 129 003a 6846     		mov	r0, sp
 130 003c FFF7FEFF 		bl	strlen
ARM GAS  C:\Users\Anand\AppData\Local\Temp\ccLk8GPj.s 			page 4


 131              	.LVL13:
 132 0040 2018     		add	r0, r4, r0
 133 0042 0649     		ldr	r1, .L6+8
 134 0044 0422     		mov	r2, #4
 135 0046 FFF7FEFF 		bl	memcpy
 136              	.LVL14:
  39:.\main.c      ****     UART_1_UartPutString(buf);
 137              		.loc 1 39 0
 138 004a 6846     		mov	r0, sp
 139 004c FFF7FEFF 		bl	UART_1_UartPutString
 140              	.LVL15:
 141              	.L5:
 142 0050 FEE7     		b	.L5
 143              	.L7:
 144 0052 C046     		.align	2
 145              	.L6:
 146 0054 00000000 		.word	.LC0
 147 0058 20000000 		.word	.LC2
 148 005c 24000000 		.word	.LC4
 149              		.cfi_endproc
 150              	.LFE34:
 151              		.size	main, .-main
 152              		.section	.rodata.str1.4,"aMS",%progbits,1
 153              		.align	2
 154              	.LC0:
 155 0000 45737461 		.ascii	"Established Communication \012 \015\000"
 155      626C6973 
 155      68656420 
 155      436F6D6D 
 155      756E6963 
 156 001e 0000     		.space	2
 157              	.LC2:
 158 0020 255800   		.ascii	"%X\000"
 159 0023 00       		.space	1
 160              	.LC4:
 161 0024 0A200D00 		.ascii	"\012 \015\000"
 162              		.text
 163              	.Letext0:
 164              		.file 2 "Generated_Source\\PSoC4/cytypes.h"
 165              		.file 3 "c:\\program files (x86)\\cypress\\psoc creator\\3.2\\psoc creator\\import\\gnu\\arm\\4.8.
 166              		.file 4 "Generated_Source\\PSoC4/UART_1.h"
 167              		.file 5 "Generated_Source\\PSoC4/UART_1_SPI_UART.h"
 168              		.file 6 "c:\\program files (x86)\\cypress\\psoc creator\\3.2\\psoc creator\\import\\gnu\\arm\\4.8.
 169              		.file 7 "<built-in>"
 170              		.section	.debug_info,"",%progbits
 171              	.Ldebug_info0:
 172 0000 5F020000 		.4byte	0x25f
 173 0004 0400     		.2byte	0x4
 174 0006 00000000 		.4byte	.Ldebug_abbrev0
 175 000a 04       		.byte	0x4
 176 000b 01       		.uleb128 0x1
 177 000c 08010000 		.4byte	.LASF15
 178 0010 01       		.byte	0x1
 179 0011 BF000000 		.4byte	.LASF16
 180 0015 35000000 		.4byte	.LASF17
 181 0019 00000000 		.4byte	.Ldebug_ranges0+0
 182 001d 00000000 		.4byte	0
ARM GAS  C:\Users\Anand\AppData\Local\Temp\ccLk8GPj.s 			page 5


 183 0021 00000000 		.4byte	.Ldebug_line0
 184 0025 02       		.uleb128 0x2
 185 0026 01       		.byte	0x1
 186 0027 06       		.byte	0x6
 187 0028 BA010000 		.4byte	.LASF0
 188 002c 02       		.uleb128 0x2
 189 002d 01       		.byte	0x1
 190 002e 08       		.byte	0x8
 191 002f 99000000 		.4byte	.LASF1
 192 0033 02       		.uleb128 0x2
 193 0034 02       		.byte	0x2
 194 0035 05       		.byte	0x5
 195 0036 A7010000 		.4byte	.LASF2
 196 003a 02       		.uleb128 0x2
 197 003b 02       		.byte	0x2
 198 003c 07       		.byte	0x7
 199 003d 22000000 		.4byte	.LASF3
 200 0041 02       		.uleb128 0x2
 201 0042 04       		.byte	0x4
 202 0043 05       		.byte	0x5
 203 0044 B1010000 		.4byte	.LASF4
 204 0048 02       		.uleb128 0x2
 205 0049 04       		.byte	0x4
 206 004a 07       		.byte	0x7
 207 004b AD000000 		.4byte	.LASF5
 208 004f 02       		.uleb128 0x2
 209 0050 08       		.byte	0x8
 210 0051 05       		.byte	0x5
 211 0052 8D010000 		.4byte	.LASF6
 212 0056 02       		.uleb128 0x2
 213 0057 08       		.byte	0x8
 214 0058 07       		.byte	0x7
 215 0059 F1000000 		.4byte	.LASF7
 216 005d 03       		.uleb128 0x3
 217 005e 04       		.byte	0x4
 218 005f 05       		.byte	0x5
 219 0060 696E7400 		.ascii	"int\000"
 220 0064 02       		.uleb128 0x2
 221 0065 04       		.byte	0x4
 222 0066 07       		.byte	0x7
 223 0067 86000000 		.4byte	.LASF8
 224 006b 02       		.uleb128 0x2
 225 006c 04       		.byte	0x4
 226 006d 04       		.byte	0x4
 227 006e 93000000 		.4byte	.LASF9
 228 0072 02       		.uleb128 0x2
 229 0073 08       		.byte	0x8
 230 0074 04       		.byte	0x4
 231 0075 C8000000 		.4byte	.LASF10
 232 0079 04       		.uleb128 0x4
 233 007a A7000000 		.4byte	.LASF13
 234 007e 02       		.byte	0x2
 235 007f C4       		.byte	0xc4
 236 0080 84000000 		.4byte	0x84
 237 0084 02       		.uleb128 0x2
 238 0085 01       		.byte	0x1
 239 0086 08       		.byte	0x8
ARM GAS  C:\Users\Anand\AppData\Local\Temp\ccLk8GPj.s 			page 6


 240 0087 9B010000 		.4byte	.LASF11
 241 008b 02       		.uleb128 0x2
 242 008c 04       		.byte	0x4
 243 008d 07       		.byte	0x7
 244 008e 84010000 		.4byte	.LASF12
 245 0092 05       		.uleb128 0x5
 246 0093 04       		.byte	0x4
 247 0094 06       		.uleb128 0x6
 248 0095 04       		.byte	0x4
 249 0096 84000000 		.4byte	0x84
 250 009a 06       		.uleb128 0x6
 251 009b 04       		.byte	0x4
 252 009c A0000000 		.4byte	0xa0
 253 00a0 07       		.uleb128 0x7
 254 00a1 84000000 		.4byte	0x84
 255 00a5 04       		.uleb128 0x4
 256 00a6 E5000000 		.4byte	.LASF14
 257 00aa 03       		.byte	0x3
 258 00ab 70       		.byte	0x70
 259 00ac 64000000 		.4byte	0x64
 260 00b0 06       		.uleb128 0x6
 261 00b1 04       		.byte	0x4
 262 00b2 B6000000 		.4byte	0xb6
 263 00b6 08       		.uleb128 0x8
 264 00b7 09       		.uleb128 0x9
 265 00b8 CE010000 		.4byte	.LASF18
 266 00bc 01       		.byte	0x1
 267 00bd 08       		.byte	0x8
 268 00be A5000000 		.4byte	0xa5
 269 00c2 00000000 		.4byte	.LFB33
 270 00c6 26000000 		.4byte	.LFE33-.LFB33
 271 00ca 01       		.uleb128 0x1
 272 00cb 9C       		.byte	0x9c
 273 00cc 03010000 		.4byte	0x103
 274 00d0 0A       		.uleb128 0xa
 275 00d1 7800     		.ascii	"x\000"
 276 00d3 01       		.byte	0x1
 277 00d4 08       		.byte	0x8
 278 00d5 A5000000 		.4byte	0xa5
 279 00d9 00000000 		.4byte	.LLST0
 280 00dd 0B       		.uleb128 0xb
 281 00de 7900     		.ascii	"y\000"
 282 00e0 01       		.byte	0x1
 283 00e1 08       		.byte	0x8
 284 00e2 A5000000 		.4byte	0xa5
 285 00e6 01       		.uleb128 0x1
 286 00e7 51       		.byte	0x51
 287 00e8 0C       		.uleb128 0xc
 288 00e9 7A00     		.ascii	"z\000"
 289 00eb 01       		.byte	0x1
 290 00ec 09       		.byte	0x9
 291 00ed 5D000000 		.4byte	0x5d
 292 00f1 2C000000 		.4byte	.LLST1
 293 00f5 0C       		.uleb128 0xc
 294 00f6 6900     		.ascii	"i\000"
 295 00f8 01       		.byte	0x1
 296 00f9 0A       		.byte	0xa
ARM GAS  C:\Users\Anand\AppData\Local\Temp\ccLk8GPj.s 			page 7


 297 00fa 5D000000 		.4byte	0x5d
 298 00fe 4B000000 		.4byte	.LLST2
 299 0102 00       		.byte	0
 300 0103 0D       		.uleb128 0xd
 301 0104 E0000000 		.4byte	.LASF19
 302 0108 01       		.byte	0x1
 303 0109 12       		.byte	0x12
 304 010a 5D000000 		.4byte	0x5d
 305 010e 00000000 		.4byte	.LFB34
 306 0112 60000000 		.4byte	.LFE34-.LFB34
 307 0116 01       		.uleb128 0x1
 308 0117 9C       		.byte	0x9c
 309 0118 E1010000 		.4byte	0x1e1
 310 011c 0E       		.uleb128 0xe
 311 011d 62756600 		.ascii	"buf\000"
 312 0121 01       		.byte	0x1
 313 0122 15       		.byte	0x15
 314 0123 E1010000 		.4byte	0x1e1
 315 0127 03       		.uleb128 0x3
 316 0128 91       		.byte	0x91
 317 0129 B07F     		.sleb128 -80
 318 012b 0F       		.uleb128 0xf
 319 012c 7800     		.ascii	"x\000"
 320 012e 01       		.byte	0x1
 321 012f 1F       		.byte	0x1f
 322 0130 A5000000 		.4byte	0xa5
 323 0134 55       		.byte	0x55
 324 0135 0F       		.uleb128 0xf
 325 0136 7900     		.ascii	"y\000"
 326 0138 01       		.byte	0x1
 327 0139 20       		.byte	0x20
 328 013a A5000000 		.4byte	0xa5
 329 013e AA       		.byte	0xaa
 330 013f 0C       		.uleb128 0xc
 331 0140 7A00     		.ascii	"z\000"
 332 0142 01       		.byte	0x1
 333 0143 21       		.byte	0x21
 334 0144 A5000000 		.4byte	0xa5
 335 0148 82000000 		.4byte	.LLST3
 336 014c 10       		.uleb128 0x10
 337 014d 0A000000 		.4byte	.LVL7
 338 0151 F1010000 		.4byte	0x1f1
 339 0155 11       		.uleb128 0x11
 340 0156 28000000 		.4byte	.LVL8
 341 015a F8010000 		.4byte	0x1f8
 342 015e 69010000 		.4byte	0x169
 343 0162 12       		.uleb128 0x12
 344 0163 01       		.uleb128 0x1
 345 0164 50       		.byte	0x50
 346 0165 02       		.uleb128 0x2
 347 0166 74       		.byte	0x74
 348 0167 00       		.sleb128 0
 349 0168 00       		.byte	0
 350 0169 11       		.uleb128 0x11
 351 016a 30000000 		.4byte	.LVL9
 352 016e B7000000 		.4byte	0xb7
 353 0172 83010000 		.4byte	0x183
ARM GAS  C:\Users\Anand\AppData\Local\Temp\ccLk8GPj.s 			page 8


 354 0176 12       		.uleb128 0x12
 355 0177 01       		.uleb128 0x1
 356 0178 51       		.byte	0x51
 357 0179 02       		.uleb128 0x2
 358 017a 08       		.byte	0x8
 359 017b AA       		.byte	0xaa
 360 017c 12       		.uleb128 0x12
 361 017d 01       		.uleb128 0x1
 362 017e 50       		.byte	0x50
 363 017f 02       		.uleb128 0x2
 364 0180 08       		.byte	0x8
 365 0181 55       		.byte	0x55
 366 0182 00       		.byte	0
 367 0183 11       		.uleb128 0x11
 368 0184 3A000000 		.4byte	.LVL12
 369 0188 15020000 		.4byte	0x215
 370 018c A0010000 		.4byte	0x1a0
 371 0190 12       		.uleb128 0x12
 372 0191 01       		.uleb128 0x1
 373 0192 51       		.byte	0x51
 374 0193 05       		.uleb128 0x5
 375 0194 03       		.byte	0x3
 376 0195 20000000 		.4byte	.LC2
 377 0199 12       		.uleb128 0x12
 378 019a 01       		.uleb128 0x1
 379 019b 50       		.byte	0x50
 380 019c 02       		.uleb128 0x2
 381 019d 74       		.byte	0x74
 382 019e 00       		.sleb128 0
 383 019f 00       		.byte	0
 384 01a0 11       		.uleb128 0x11
 385 01a1 40000000 		.4byte	.LVL13
 386 01a5 30020000 		.4byte	0x230
 387 01a9 B4010000 		.4byte	0x1b4
 388 01ad 12       		.uleb128 0x12
 389 01ae 01       		.uleb128 0x1
 390 01af 50       		.byte	0x50
 391 01b0 02       		.uleb128 0x2
 392 01b1 74       		.byte	0x74
 393 01b2 00       		.sleb128 0
 394 01b3 00       		.byte	0
 395 01b4 11       		.uleb128 0x11
 396 01b5 4A000000 		.4byte	.LVL14
 397 01b9 49020000 		.4byte	0x249
 398 01bd D0010000 		.4byte	0x1d0
 399 01c1 12       		.uleb128 0x12
 400 01c2 01       		.uleb128 0x1
 401 01c3 52       		.byte	0x52
 402 01c4 01       		.uleb128 0x1
 403 01c5 34       		.byte	0x34
 404 01c6 12       		.uleb128 0x12
 405 01c7 01       		.uleb128 0x1
 406 01c8 51       		.byte	0x51
 407 01c9 05       		.uleb128 0x5
 408 01ca 03       		.byte	0x3
 409 01cb 24000000 		.4byte	.LC4
 410 01cf 00       		.byte	0
ARM GAS  C:\Users\Anand\AppData\Local\Temp\ccLk8GPj.s 			page 9


 411 01d0 13       		.uleb128 0x13
 412 01d1 50000000 		.4byte	.LVL15
 413 01d5 F8010000 		.4byte	0x1f8
 414 01d9 12       		.uleb128 0x12
 415 01da 01       		.uleb128 0x1
 416 01db 50       		.byte	0x50
 417 01dc 02       		.uleb128 0x2
 418 01dd 74       		.byte	0x74
 419 01de 00       		.sleb128 0
 420 01df 00       		.byte	0
 421 01e0 00       		.byte	0
 422 01e1 14       		.uleb128 0x14
 423 01e2 84000000 		.4byte	0x84
 424 01e6 F1010000 		.4byte	0x1f1
 425 01ea 15       		.uleb128 0x15
 426 01eb 8B000000 		.4byte	0x8b
 427 01ef 3F       		.byte	0x3f
 428 01f0 00       		.byte	0
 429 01f1 16       		.uleb128 0x16
 430 01f2 00000000 		.4byte	.LASF20
 431 01f6 04       		.byte	0x4
 432 01f7 68       		.byte	0x68
 433 01f8 17       		.uleb128 0x17
 434 01f9 0D000000 		.4byte	.LASF21
 435 01fd 05       		.byte	0x5
 436 01fe 7701     		.2byte	0x177
 437 0200 0A020000 		.4byte	0x20a
 438 0204 18       		.uleb128 0x18
 439 0205 0A020000 		.4byte	0x20a
 440 0209 00       		.byte	0
 441 020a 06       		.uleb128 0x6
 442 020b 04       		.byte	0x4
 443 020c 10020000 		.4byte	0x210
 444 0210 07       		.uleb128 0x7
 445 0211 79000000 		.4byte	0x79
 446 0215 19       		.uleb128 0x19
 447 0216 C6010000 		.4byte	.LASF22
 448 021a 06       		.byte	0x6
 449 021b D9       		.byte	0xd9
 450 021c 5D000000 		.4byte	0x5d
 451 0220 30020000 		.4byte	0x230
 452 0224 18       		.uleb128 0x18
 453 0225 94000000 		.4byte	0x94
 454 0229 18       		.uleb128 0x18
 455 022a 9A000000 		.4byte	0x9a
 456 022e 1A       		.uleb128 0x1a
 457 022f 00       		.byte	0
 458 0230 1B       		.uleb128 0x1b
 459 0231 CF000000 		.4byte	.LASF23
 460 0235 07       		.byte	0x7
 461 0236 00       		.byte	0
 462 0237 EA000000 		.4byte	.LASF24
 463 023b 64000000 		.4byte	0x64
 464 023f 49020000 		.4byte	0x249
 465 0243 18       		.uleb128 0x18
 466 0244 9A000000 		.4byte	0x9a
 467 0248 00       		.byte	0
ARM GAS  C:\Users\Anand\AppData\Local\Temp\ccLk8GPj.s 			page 10


 468 0249 1C       		.uleb128 0x1c
 469 024a A0010000 		.4byte	.LASF25
 470 024e 92000000 		.4byte	0x92
 471 0252 18       		.uleb128 0x18
 472 0253 92000000 		.4byte	0x92
 473 0257 18       		.uleb128 0x18
 474 0258 B0000000 		.4byte	0xb0
 475 025c 18       		.uleb128 0x18
 476 025d 8B000000 		.4byte	0x8b
 477 0261 00       		.byte	0
 478 0262 00       		.byte	0
 479              		.section	.debug_abbrev,"",%progbits
 480              	.Ldebug_abbrev0:
 481 0000 01       		.uleb128 0x1
 482 0001 11       		.uleb128 0x11
 483 0002 01       		.byte	0x1
 484 0003 25       		.uleb128 0x25
 485 0004 0E       		.uleb128 0xe
 486 0005 13       		.uleb128 0x13
 487 0006 0B       		.uleb128 0xb
 488 0007 03       		.uleb128 0x3
 489 0008 0E       		.uleb128 0xe
 490 0009 1B       		.uleb128 0x1b
 491 000a 0E       		.uleb128 0xe
 492 000b 55       		.uleb128 0x55
 493 000c 17       		.uleb128 0x17
 494 000d 11       		.uleb128 0x11
 495 000e 01       		.uleb128 0x1
 496 000f 10       		.uleb128 0x10
 497 0010 17       		.uleb128 0x17
 498 0011 00       		.byte	0
 499 0012 00       		.byte	0
 500 0013 02       		.uleb128 0x2
 501 0014 24       		.uleb128 0x24
 502 0015 00       		.byte	0
 503 0016 0B       		.uleb128 0xb
 504 0017 0B       		.uleb128 0xb
 505 0018 3E       		.uleb128 0x3e
 506 0019 0B       		.uleb128 0xb
 507 001a 03       		.uleb128 0x3
 508 001b 0E       		.uleb128 0xe
 509 001c 00       		.byte	0
 510 001d 00       		.byte	0
 511 001e 03       		.uleb128 0x3
 512 001f 24       		.uleb128 0x24
 513 0020 00       		.byte	0
 514 0021 0B       		.uleb128 0xb
 515 0022 0B       		.uleb128 0xb
 516 0023 3E       		.uleb128 0x3e
 517 0024 0B       		.uleb128 0xb
 518 0025 03       		.uleb128 0x3
 519 0026 08       		.uleb128 0x8
 520 0027 00       		.byte	0
 521 0028 00       		.byte	0
 522 0029 04       		.uleb128 0x4
 523 002a 16       		.uleb128 0x16
 524 002b 00       		.byte	0
ARM GAS  C:\Users\Anand\AppData\Local\Temp\ccLk8GPj.s 			page 11


 525 002c 03       		.uleb128 0x3
 526 002d 0E       		.uleb128 0xe
 527 002e 3A       		.uleb128 0x3a
 528 002f 0B       		.uleb128 0xb
 529 0030 3B       		.uleb128 0x3b
 530 0031 0B       		.uleb128 0xb
 531 0032 49       		.uleb128 0x49
 532 0033 13       		.uleb128 0x13
 533 0034 00       		.byte	0
 534 0035 00       		.byte	0
 535 0036 05       		.uleb128 0x5
 536 0037 0F       		.uleb128 0xf
 537 0038 00       		.byte	0
 538 0039 0B       		.uleb128 0xb
 539 003a 0B       		.uleb128 0xb
 540 003b 00       		.byte	0
 541 003c 00       		.byte	0
 542 003d 06       		.uleb128 0x6
 543 003e 0F       		.uleb128 0xf
 544 003f 00       		.byte	0
 545 0040 0B       		.uleb128 0xb
 546 0041 0B       		.uleb128 0xb
 547 0042 49       		.uleb128 0x49
 548 0043 13       		.uleb128 0x13
 549 0044 00       		.byte	0
 550 0045 00       		.byte	0
 551 0046 07       		.uleb128 0x7
 552 0047 26       		.uleb128 0x26
 553 0048 00       		.byte	0
 554 0049 49       		.uleb128 0x49
 555 004a 13       		.uleb128 0x13
 556 004b 00       		.byte	0
 557 004c 00       		.byte	0
 558 004d 08       		.uleb128 0x8
 559 004e 26       		.uleb128 0x26
 560 004f 00       		.byte	0
 561 0050 00       		.byte	0
 562 0051 00       		.byte	0
 563 0052 09       		.uleb128 0x9
 564 0053 2E       		.uleb128 0x2e
 565 0054 01       		.byte	0x1
 566 0055 3F       		.uleb128 0x3f
 567 0056 19       		.uleb128 0x19
 568 0057 03       		.uleb128 0x3
 569 0058 0E       		.uleb128 0xe
 570 0059 3A       		.uleb128 0x3a
 571 005a 0B       		.uleb128 0xb
 572 005b 3B       		.uleb128 0x3b
 573 005c 0B       		.uleb128 0xb
 574 005d 27       		.uleb128 0x27
 575 005e 19       		.uleb128 0x19
 576 005f 49       		.uleb128 0x49
 577 0060 13       		.uleb128 0x13
 578 0061 11       		.uleb128 0x11
 579 0062 01       		.uleb128 0x1
 580 0063 12       		.uleb128 0x12
 581 0064 06       		.uleb128 0x6
ARM GAS  C:\Users\Anand\AppData\Local\Temp\ccLk8GPj.s 			page 12


 582 0065 40       		.uleb128 0x40
 583 0066 18       		.uleb128 0x18
 584 0067 9742     		.uleb128 0x2117
 585 0069 19       		.uleb128 0x19
 586 006a 01       		.uleb128 0x1
 587 006b 13       		.uleb128 0x13
 588 006c 00       		.byte	0
 589 006d 00       		.byte	0
 590 006e 0A       		.uleb128 0xa
 591 006f 05       		.uleb128 0x5
 592 0070 00       		.byte	0
 593 0071 03       		.uleb128 0x3
 594 0072 08       		.uleb128 0x8
 595 0073 3A       		.uleb128 0x3a
 596 0074 0B       		.uleb128 0xb
 597 0075 3B       		.uleb128 0x3b
 598 0076 0B       		.uleb128 0xb
 599 0077 49       		.uleb128 0x49
 600 0078 13       		.uleb128 0x13
 601 0079 02       		.uleb128 0x2
 602 007a 17       		.uleb128 0x17
 603 007b 00       		.byte	0
 604 007c 00       		.byte	0
 605 007d 0B       		.uleb128 0xb
 606 007e 05       		.uleb128 0x5
 607 007f 00       		.byte	0
 608 0080 03       		.uleb128 0x3
 609 0081 08       		.uleb128 0x8
 610 0082 3A       		.uleb128 0x3a
 611 0083 0B       		.uleb128 0xb
 612 0084 3B       		.uleb128 0x3b
 613 0085 0B       		.uleb128 0xb
 614 0086 49       		.uleb128 0x49
 615 0087 13       		.uleb128 0x13
 616 0088 02       		.uleb128 0x2
 617 0089 18       		.uleb128 0x18
 618 008a 00       		.byte	0
 619 008b 00       		.byte	0
 620 008c 0C       		.uleb128 0xc
 621 008d 34       		.uleb128 0x34
 622 008e 00       		.byte	0
 623 008f 03       		.uleb128 0x3
 624 0090 08       		.uleb128 0x8
 625 0091 3A       		.uleb128 0x3a
 626 0092 0B       		.uleb128 0xb
 627 0093 3B       		.uleb128 0x3b
 628 0094 0B       		.uleb128 0xb
 629 0095 49       		.uleb128 0x49
 630 0096 13       		.uleb128 0x13
 631 0097 02       		.uleb128 0x2
 632 0098 17       		.uleb128 0x17
 633 0099 00       		.byte	0
 634 009a 00       		.byte	0
 635 009b 0D       		.uleb128 0xd
 636 009c 2E       		.uleb128 0x2e
 637 009d 01       		.byte	0x1
 638 009e 3F       		.uleb128 0x3f
ARM GAS  C:\Users\Anand\AppData\Local\Temp\ccLk8GPj.s 			page 13


 639 009f 19       		.uleb128 0x19
 640 00a0 03       		.uleb128 0x3
 641 00a1 0E       		.uleb128 0xe
 642 00a2 3A       		.uleb128 0x3a
 643 00a3 0B       		.uleb128 0xb
 644 00a4 3B       		.uleb128 0x3b
 645 00a5 0B       		.uleb128 0xb
 646 00a6 49       		.uleb128 0x49
 647 00a7 13       		.uleb128 0x13
 648 00a8 11       		.uleb128 0x11
 649 00a9 01       		.uleb128 0x1
 650 00aa 12       		.uleb128 0x12
 651 00ab 06       		.uleb128 0x6
 652 00ac 40       		.uleb128 0x40
 653 00ad 18       		.uleb128 0x18
 654 00ae 9742     		.uleb128 0x2117
 655 00b0 19       		.uleb128 0x19
 656 00b1 01       		.uleb128 0x1
 657 00b2 13       		.uleb128 0x13
 658 00b3 00       		.byte	0
 659 00b4 00       		.byte	0
 660 00b5 0E       		.uleb128 0xe
 661 00b6 34       		.uleb128 0x34
 662 00b7 00       		.byte	0
 663 00b8 03       		.uleb128 0x3
 664 00b9 08       		.uleb128 0x8
 665 00ba 3A       		.uleb128 0x3a
 666 00bb 0B       		.uleb128 0xb
 667 00bc 3B       		.uleb128 0x3b
 668 00bd 0B       		.uleb128 0xb
 669 00be 49       		.uleb128 0x49
 670 00bf 13       		.uleb128 0x13
 671 00c0 02       		.uleb128 0x2
 672 00c1 18       		.uleb128 0x18
 673 00c2 00       		.byte	0
 674 00c3 00       		.byte	0
 675 00c4 0F       		.uleb128 0xf
 676 00c5 34       		.uleb128 0x34
 677 00c6 00       		.byte	0
 678 00c7 03       		.uleb128 0x3
 679 00c8 08       		.uleb128 0x8
 680 00c9 3A       		.uleb128 0x3a
 681 00ca 0B       		.uleb128 0xb
 682 00cb 3B       		.uleb128 0x3b
 683 00cc 0B       		.uleb128 0xb
 684 00cd 49       		.uleb128 0x49
 685 00ce 13       		.uleb128 0x13
 686 00cf 1C       		.uleb128 0x1c
 687 00d0 0B       		.uleb128 0xb
 688 00d1 00       		.byte	0
 689 00d2 00       		.byte	0
 690 00d3 10       		.uleb128 0x10
 691 00d4 898201   		.uleb128 0x4109
 692 00d7 00       		.byte	0
 693 00d8 11       		.uleb128 0x11
 694 00d9 01       		.uleb128 0x1
 695 00da 31       		.uleb128 0x31
ARM GAS  C:\Users\Anand\AppData\Local\Temp\ccLk8GPj.s 			page 14


 696 00db 13       		.uleb128 0x13
 697 00dc 00       		.byte	0
 698 00dd 00       		.byte	0
 699 00de 11       		.uleb128 0x11
 700 00df 898201   		.uleb128 0x4109
 701 00e2 01       		.byte	0x1
 702 00e3 11       		.uleb128 0x11
 703 00e4 01       		.uleb128 0x1
 704 00e5 31       		.uleb128 0x31
 705 00e6 13       		.uleb128 0x13
 706 00e7 01       		.uleb128 0x1
 707 00e8 13       		.uleb128 0x13
 708 00e9 00       		.byte	0
 709 00ea 00       		.byte	0
 710 00eb 12       		.uleb128 0x12
 711 00ec 8A8201   		.uleb128 0x410a
 712 00ef 00       		.byte	0
 713 00f0 02       		.uleb128 0x2
 714 00f1 18       		.uleb128 0x18
 715 00f2 9142     		.uleb128 0x2111
 716 00f4 18       		.uleb128 0x18
 717 00f5 00       		.byte	0
 718 00f6 00       		.byte	0
 719 00f7 13       		.uleb128 0x13
 720 00f8 898201   		.uleb128 0x4109
 721 00fb 01       		.byte	0x1
 722 00fc 11       		.uleb128 0x11
 723 00fd 01       		.uleb128 0x1
 724 00fe 31       		.uleb128 0x31
 725 00ff 13       		.uleb128 0x13
 726 0100 00       		.byte	0
 727 0101 00       		.byte	0
 728 0102 14       		.uleb128 0x14
 729 0103 01       		.uleb128 0x1
 730 0104 01       		.byte	0x1
 731 0105 49       		.uleb128 0x49
 732 0106 13       		.uleb128 0x13
 733 0107 01       		.uleb128 0x1
 734 0108 13       		.uleb128 0x13
 735 0109 00       		.byte	0
 736 010a 00       		.byte	0
 737 010b 15       		.uleb128 0x15
 738 010c 21       		.uleb128 0x21
 739 010d 00       		.byte	0
 740 010e 49       		.uleb128 0x49
 741 010f 13       		.uleb128 0x13
 742 0110 2F       		.uleb128 0x2f
 743 0111 0B       		.uleb128 0xb
 744 0112 00       		.byte	0
 745 0113 00       		.byte	0
 746 0114 16       		.uleb128 0x16
 747 0115 2E       		.uleb128 0x2e
 748 0116 00       		.byte	0
 749 0117 3F       		.uleb128 0x3f
 750 0118 19       		.uleb128 0x19
 751 0119 03       		.uleb128 0x3
 752 011a 0E       		.uleb128 0xe
ARM GAS  C:\Users\Anand\AppData\Local\Temp\ccLk8GPj.s 			page 15


 753 011b 3A       		.uleb128 0x3a
 754 011c 0B       		.uleb128 0xb
 755 011d 3B       		.uleb128 0x3b
 756 011e 0B       		.uleb128 0xb
 757 011f 27       		.uleb128 0x27
 758 0120 19       		.uleb128 0x19
 759 0121 3C       		.uleb128 0x3c
 760 0122 19       		.uleb128 0x19
 761 0123 00       		.byte	0
 762 0124 00       		.byte	0
 763 0125 17       		.uleb128 0x17
 764 0126 2E       		.uleb128 0x2e
 765 0127 01       		.byte	0x1
 766 0128 3F       		.uleb128 0x3f
 767 0129 19       		.uleb128 0x19
 768 012a 03       		.uleb128 0x3
 769 012b 0E       		.uleb128 0xe
 770 012c 3A       		.uleb128 0x3a
 771 012d 0B       		.uleb128 0xb
 772 012e 3B       		.uleb128 0x3b
 773 012f 05       		.uleb128 0x5
 774 0130 27       		.uleb128 0x27
 775 0131 19       		.uleb128 0x19
 776 0132 3C       		.uleb128 0x3c
 777 0133 19       		.uleb128 0x19
 778 0134 01       		.uleb128 0x1
 779 0135 13       		.uleb128 0x13
 780 0136 00       		.byte	0
 781 0137 00       		.byte	0
 782 0138 18       		.uleb128 0x18
 783 0139 05       		.uleb128 0x5
 784 013a 00       		.byte	0
 785 013b 49       		.uleb128 0x49
 786 013c 13       		.uleb128 0x13
 787 013d 00       		.byte	0
 788 013e 00       		.byte	0
 789 013f 19       		.uleb128 0x19
 790 0140 2E       		.uleb128 0x2e
 791 0141 01       		.byte	0x1
 792 0142 3F       		.uleb128 0x3f
 793 0143 19       		.uleb128 0x19
 794 0144 03       		.uleb128 0x3
 795 0145 0E       		.uleb128 0xe
 796 0146 3A       		.uleb128 0x3a
 797 0147 0B       		.uleb128 0xb
 798 0148 3B       		.uleb128 0x3b
 799 0149 0B       		.uleb128 0xb
 800 014a 27       		.uleb128 0x27
 801 014b 19       		.uleb128 0x19
 802 014c 49       		.uleb128 0x49
 803 014d 13       		.uleb128 0x13
 804 014e 3C       		.uleb128 0x3c
 805 014f 19       		.uleb128 0x19
 806 0150 01       		.uleb128 0x1
 807 0151 13       		.uleb128 0x13
 808 0152 00       		.byte	0
 809 0153 00       		.byte	0
ARM GAS  C:\Users\Anand\AppData\Local\Temp\ccLk8GPj.s 			page 16


 810 0154 1A       		.uleb128 0x1a
 811 0155 18       		.uleb128 0x18
 812 0156 00       		.byte	0
 813 0157 00       		.byte	0
 814 0158 00       		.byte	0
 815 0159 1B       		.uleb128 0x1b
 816 015a 2E       		.uleb128 0x2e
 817 015b 01       		.byte	0x1
 818 015c 3F       		.uleb128 0x3f
 819 015d 19       		.uleb128 0x19
 820 015e 03       		.uleb128 0x3
 821 015f 0E       		.uleb128 0xe
 822 0160 3A       		.uleb128 0x3a
 823 0161 0B       		.uleb128 0xb
 824 0162 3B       		.uleb128 0x3b
 825 0163 0B       		.uleb128 0xb
 826 0164 6E       		.uleb128 0x6e
 827 0165 0E       		.uleb128 0xe
 828 0166 27       		.uleb128 0x27
 829 0167 19       		.uleb128 0x19
 830 0168 49       		.uleb128 0x49
 831 0169 13       		.uleb128 0x13
 832 016a 3C       		.uleb128 0x3c
 833 016b 19       		.uleb128 0x19
 834 016c 01       		.uleb128 0x1
 835 016d 13       		.uleb128 0x13
 836 016e 00       		.byte	0
 837 016f 00       		.byte	0
 838 0170 1C       		.uleb128 0x1c
 839 0171 2E       		.uleb128 0x2e
 840 0172 01       		.byte	0x1
 841 0173 3F       		.uleb128 0x3f
 842 0174 19       		.uleb128 0x19
 843 0175 03       		.uleb128 0x3
 844 0176 0E       		.uleb128 0xe
 845 0177 27       		.uleb128 0x27
 846 0178 19       		.uleb128 0x19
 847 0179 49       		.uleb128 0x49
 848 017a 13       		.uleb128 0x13
 849 017b 34       		.uleb128 0x34
 850 017c 19       		.uleb128 0x19
 851 017d 3C       		.uleb128 0x3c
 852 017e 19       		.uleb128 0x19
 853 017f 00       		.byte	0
 854 0180 00       		.byte	0
 855 0181 00       		.byte	0
 856              		.section	.debug_loc,"",%progbits
 857              	.Ldebug_loc0:
 858              	.LLST0:
 859 0000 00000000 		.4byte	.LVL0
 860 0004 08000000 		.4byte	.LVL2
 861 0008 0100     		.2byte	0x1
 862 000a 50       		.byte	0x50
 863 000b 08000000 		.4byte	.LVL2
 864 000f 24000000 		.4byte	.LVL6
 865 0013 0100     		.2byte	0x1
 866 0015 55       		.byte	0x55
ARM GAS  C:\Users\Anand\AppData\Local\Temp\ccLk8GPj.s 			page 17


 867 0016 24000000 		.4byte	.LVL6
 868 001a 26000000 		.4byte	.LFE33
 869 001e 0400     		.2byte	0x4
 870 0020 F3       		.byte	0xf3
 871 0021 01       		.uleb128 0x1
 872 0022 50       		.byte	0x50
 873 0023 9F       		.byte	0x9f
 874 0024 00000000 		.4byte	0
 875 0028 00000000 		.4byte	0
 876              	.LLST1:
 877 002c 04000000 		.4byte	.LVL1
 878 0030 0C000000 		.4byte	.LVL3
 879 0034 0200     		.2byte	0x2
 880 0036 30       		.byte	0x30
 881 0037 9F       		.byte	0x9f
 882 0038 0C000000 		.4byte	.LVL3
 883 003c 26000000 		.4byte	.LFE33
 884 0040 0100     		.2byte	0x1
 885 0042 50       		.byte	0x50
 886 0043 00000000 		.4byte	0
 887 0047 00000000 		.4byte	0
 888              	.LLST2:
 889 004b 04000000 		.4byte	.LVL1
 890 004f 0C000000 		.4byte	.LVL3
 891 0053 0200     		.2byte	0x2
 892 0055 30       		.byte	0x30
 893 0056 9F       		.byte	0x9f
 894 0057 0C000000 		.4byte	.LVL3
 895 005b 1A000000 		.4byte	.LVL4
 896 005f 0100     		.2byte	0x1
 897 0061 53       		.byte	0x53
 898 0062 1A000000 		.4byte	.LVL4
 899 0066 20000000 		.4byte	.LVL5
 900 006a 0300     		.2byte	0x3
 901 006c 73       		.byte	0x73
 902 006d 7F       		.sleb128 -1
 903 006e 9F       		.byte	0x9f
 904 006f 20000000 		.4byte	.LVL5
 905 0073 26000000 		.4byte	.LFE33
 906 0077 0100     		.2byte	0x1
 907 0079 53       		.byte	0x53
 908 007a 00000000 		.4byte	0
 909 007e 00000000 		.4byte	0
 910              	.LLST3:
 911 0082 32000000 		.4byte	.LVL10
 912 0086 34000000 		.4byte	.LVL11
 913 008a 0100     		.2byte	0x1
 914 008c 50       		.byte	0x50
 915 008d 34000000 		.4byte	.LVL11
 916 0091 39000000 		.4byte	.LVL12-1
 917 0095 0100     		.2byte	0x1
 918 0097 52       		.byte	0x52
 919 0098 00000000 		.4byte	0
 920 009c 00000000 		.4byte	0
 921              		.section	.debug_aranges,"",%progbits
 922 0000 24000000 		.4byte	0x24
 923 0004 0200     		.2byte	0x2
ARM GAS  C:\Users\Anand\AppData\Local\Temp\ccLk8GPj.s 			page 18


 924 0006 00000000 		.4byte	.Ldebug_info0
 925 000a 04       		.byte	0x4
 926 000b 00       		.byte	0
 927 000c 0000     		.2byte	0
 928 000e 0000     		.2byte	0
 929 0010 00000000 		.4byte	.LFB33
 930 0014 26000000 		.4byte	.LFE33-.LFB33
 931 0018 00000000 		.4byte	.LFB34
 932 001c 60000000 		.4byte	.LFE34-.LFB34
 933 0020 00000000 		.4byte	0
 934 0024 00000000 		.4byte	0
 935              		.section	.debug_ranges,"",%progbits
 936              	.Ldebug_ranges0:
 937 0000 00000000 		.4byte	.LFB33
 938 0004 26000000 		.4byte	.LFE33
 939 0008 00000000 		.4byte	.LFB34
 940 000c 60000000 		.4byte	.LFE34
 941 0010 00000000 		.4byte	0
 942 0014 00000000 		.4byte	0
 943              		.section	.debug_line,"",%progbits
 944              	.Ldebug_line0:
 945 0000 95010000 		.section	.debug_str,"MS",%progbits,1
 945      02005C01 
 945      00000201 
 945      FB0E0D00 
 945      01010101 
 946              	.LASF20:
 947 0000 55415254 		.ascii	"UART_1_Start\000"
 947      5F315F53 
 947      74617274 
 947      00
 948              	.LASF21:
 949 000d 55415254 		.ascii	"UART_1_UartPutString\000"
 949      5F315F55 
 949      61727450 
 949      75745374 
 949      72696E67 
 950              	.LASF3:
 951 0022 73686F72 		.ascii	"short unsigned int\000"
 951      7420756E 
 951      7369676E 
 951      65642069 
 951      6E7400
 952              	.LASF17:
 953 0035 433A5C55 		.ascii	"C:\\Users\\Anand\\Desktop\\Summer_2015\\ECEC_304\\L"
 953      73657273 
 953      5C416E61 
 953      6E645C44 
 953      65736B74 
 954 0062 61623261 		.ascii	"ab2a\\countBits\\interleaveBits.cydsn\000"
 954      5C636F75 
 954      6E744269 
 954      74735C69 
 954      6E746572 
 955              	.LASF8:
 956 0086 756E7369 		.ascii	"unsigned int\000"
 956      676E6564 
ARM GAS  C:\Users\Anand\AppData\Local\Temp\ccLk8GPj.s 			page 19


 956      20696E74 
 956      00
 957              	.LASF9:
 958 0093 666C6F61 		.ascii	"float\000"
 958      7400
 959              	.LASF1:
 960 0099 756E7369 		.ascii	"unsigned char\000"
 960      676E6564 
 960      20636861 
 960      7200
 961              	.LASF13:
 962 00a7 63686172 		.ascii	"char8\000"
 962      3800
 963              	.LASF5:
 964 00ad 6C6F6E67 		.ascii	"long unsigned int\000"
 964      20756E73 
 964      69676E65 
 964      6420696E 
 964      7400
 965              	.LASF16:
 966 00bf 2E5C6D61 		.ascii	".\\main.c\000"
 966      696E2E63 
 966      00
 967              	.LASF10:
 968 00c8 646F7562 		.ascii	"double\000"
 968      6C6500
 969              	.LASF23:
 970 00cf 5F5F6275 		.ascii	"__builtin_strlen\000"
 970      696C7469 
 970      6E5F7374 
 970      726C656E 
 970      00
 971              	.LASF19:
 972 00e0 6D61696E 		.ascii	"main\000"
 972      00
 973              	.LASF14:
 974 00e5 75696E74 		.ascii	"uint\000"
 974      00
 975              	.LASF24:
 976 00ea 7374726C 		.ascii	"strlen\000"
 976      656E00
 977              	.LASF7:
 978 00f1 6C6F6E67 		.ascii	"long long unsigned int\000"
 978      206C6F6E 
 978      6720756E 
 978      7369676E 
 978      65642069 
 979              	.LASF15:
 980 0108 474E5520 		.ascii	"GNU C 4.8.4 20140526 (release) [ARM/embedded-4_8-br"
 980      4320342E 
 980      382E3420 
 980      32303134 
 980      30353236 
 981 013b 616E6368 		.ascii	"anch revision 211358] -mcpu=cortex-m0 -mthumb -g -O"
 981      20726576 
 981      6973696F 
 981      6E203231 
ARM GAS  C:\Users\Anand\AppData\Local\Temp\ccLk8GPj.s 			page 20


 981      31333538 
 982 016e 67202D66 		.ascii	"g -ffunction-sections\000"
 982      66756E63 
 982      74696F6E 
 982      2D736563 
 982      74696F6E 
 983              	.LASF12:
 984 0184 73697A65 		.ascii	"sizetype\000"
 984      74797065 
 984      00
 985              	.LASF6:
 986 018d 6C6F6E67 		.ascii	"long long int\000"
 986      206C6F6E 
 986      6720696E 
 986      7400
 987              	.LASF11:
 988 019b 63686172 		.ascii	"char\000"
 988      00
 989              	.LASF25:
 990 01a0 6D656D63 		.ascii	"memcpy\000"
 990      707900
 991              	.LASF2:
 992 01a7 73686F72 		.ascii	"short int\000"
 992      7420696E 
 992      7400
 993              	.LASF4:
 994 01b1 6C6F6E67 		.ascii	"long int\000"
 994      20696E74 
 994      00
 995              	.LASF0:
 996 01ba 7369676E 		.ascii	"signed char\000"
 996      65642063 
 996      68617200 
 997              	.LASF22:
 998 01c6 73707269 		.ascii	"sprintf\000"
 998      6E746600 
 999              	.LASF18:
 1000 01ce 696E7465 		.ascii	"interleaveBits\000"
 1000      726C6561 
 1000      76654269 
 1000      747300
 1001              		.ident	"GCC: (GNU Tools for ARM Embedded Processors) 4.8.4 20140526 (release) [ARM/embedded-4_8-br
